абревіятура/a
авіякомпанія/ab
авіяція/a
авто/ij
аґресивний/V
аритметика/a
Бетговен/eg<+
большевицький/V
варіянт/efg
варіяція/ab
геніяльний/V
діябет/e
діягноз/ef
діягональний/V
діягональ/i
діяграма/ab
діялект/ef
діяпазон/ef
Евромайдан/e
Европа/a
европейський/V
еґалітарний/V
еґалітарніший/VY
идол/efgh<
икавка/a
икати/IGQ :imperf
инакодумець/abc<
инакше adv
индик/efg<>
инколи adv
иноді adv
инопланетянин/efg<
инородець/abc<
инший/V
иншомовний/V
иржавіти/AGO :imperf
иржати/AGO :imperf
иржа/a
ирій/e
ирод/efgh<
інтеґрація/a
клясичний/V
коаліціяда/ab
консулят/e
лавреат/efgh<
лямпа/ab
матеріялізований/V ^adjp:pasv:imperf:perf
матеріялізувати/ABGHOP0 :imperf:perf
матеріяльний/V
матеріял/ef
мікроренґен/ef
мітинґ/ef
мітичний/V
міт/ef
ориґінальний/V
переинакшений/V ^adjp:pasv:perf
переинакшити/AB0 :perf
плагіят/e
по-европейському adv
проєкт/ef
пропаґанда/a
реґіональний/V
рентґен/eg :xp1 # одиниця виміру; апарат
рентґен/e- :xp2 # проміння; просвічування
Санкт-Петербурґ/eg
соціяльний/VW
спеціялізуватися/BHP :imperf
спеціяльний/V
тривіяльний/V
уніятський/V
уніят/efgh<
хемік/efg<
хеміотерапія/a
хемічний/V
хемія/a
Юґославія/a
