АЕС
АЗС
АКШУ
АМКУ
АМНУ
АН
АНТК
АПК
АРСР
АСЕАН
АТЕК
АТЗТ
БК
б-ка
БМД
БМП
БРІК
БРСР
БТР
БЮТ/e
ВАЗ/e
ВАК
ВАСУ
ВВП
ВГСУ
ВДНГ
ВДЦП
вид-во
ВІЛ
ВІЛ-СНІД
ВІНК
ВЛКСМ
ВМГО
ВМС
ВМСУ
ВНДІ
ВНЗ
ВНП
ВООЗ
ВПК
ВПС
ВР
ВССУ
ВТССУМ
ВУАН
ВУФКУ
ВУЦВК
ВЦСПС
ГАЕС
ГГц
ГеВ
ГЕС
ГІС
ГПУ
ГРВІ
грн
ГУБОЗ
ГУМВС
ГУУАМ
Гц
ДАІ
ДБСТ
ДДСО
ДДТ
ДемПУ
Дж
ДІНЗ
ДКЦПФР
дм
ДМЗ
ДМСУ
ДПА
ДПАУ
ДПС
ДПСУ
ДСЕС
ДСК
ДСТУ
ДТЕК
ДТП
ДЮСШ
ЄАНТК
ЄБРР
ЄврАзЕС
ЄДАПС
ЄДРПОУ
ЄЕП
ЄЕС
ЄЕСУ
ЄКРН
ЄС
ЄСПЛ
ЖБК
ЖЕК/ef
ЖКГ
ЗАТ
з-д
ЗМІ
ЗНО
ЗРК
ЗУНР
ін-т
ІОЦ
ІТ
кВт
кг
КГЗКОР
кГц
КД
КДБ
кДж
ккал
км
КМДА
КМУ
КНДР
КНЛУ
КНУ
КОАТУУ
КП
кПа
КПІ
КПП
КПРС
КПУ
КУІн
ЛАЗ
ЛДПР
ЛНУ
ЛОДА
МАГАТЕ
МБРР
МВС
МВСУ
МВт
МВФ
МГц
МЗС
МінАП
мкм
мкФ
мл
млн
млрд
мм
ММКФ
МОН
МОНМС
МПа
мРНК
мс
МФТІ
МХАТ
НАЕК
НАК/e
НАН
НАНУ
НАСА
НАТО
НаУКМА
НБУ
НДІ
НКАУ
НКВС
НКДБ
НКРЕ
НКРЗ
НЛО
нм
НРУ
НСНУ
НСПУ
НТКУ
НТР
НТУУ
НУНС
НУ-НС
облУВС
ОБСЄ
ОВДП
ОДКБ
ООН
ОПЕК
ОСББ
ОУН
ОУН-УПА
Па
ПАРЄ
ПДВ
ПДВЛ
ПЕК
ПЕОМ
ПЗ
ППО
ПР
ПРО
ПРООН
пр-т
ПСПУ
пФ
ПФТС
РВВС
р-н
РНБО
РНБОУ
р-ні
РНК
р-ну
рРНК
РСЧА
РФ
САПР
СБУ
СДПУ
сек
СІЗО
СКА
см
смт
СНБОУ
СНІД/e
СОТ
СПУ
ТБ
ТзОВ
ТНК-ВР
ТНМК
ТОВ
тРНК
УАПЦ
УБЗПТЛ
УБОЗ/e
УГКЦ
УДАР
УДСО
УЄФА
УМВС
УМВСУ
УНА
УНІАН
УНП
УНР
УНСО
УПА
УПЦ
УРСР
УСБУ
УСПП
УСРР
УЦЕПД
ФБР
ФДМУ
ФІДЕ
ФК
ф-ка
ФСБ
ФФУ
ХАЕС
ХАМАС
ЦВК
ЦГЗК
ЦЕРН
ЦЕРН/e
ЦК
ЦРУ
ЦСКА
ЦУМ
ЧАЕС
ЧФ
ЮНЕСКО
ЮНІСЕФ
