Білгород/eg-Дністровський/i
Бульба/a<+m-Боровець/ac<+m
вежі/o-близнюки/b
Захер/eg<+-Мазох/eg<+
інфузорія/ab<>-туфелька/ab<>
камера/a-обскура/a
коза/a<>-дереза/a<>
Наталка/a<-Полтавка/a<
Немирович/eg<+m-Данченко/e<+m
Нечуй/eg<+-Левицький/i<+
Новгород/eg-Сіверський/i
Новоград/eg-Волинський/i
обіцянка/a-цяцянка/a
Одеса/a-мама/a
Переяслав/eg-Хмельницький/i
перший/V-ліпший/V
Рава/a-Руська/V
риба/ab<>-голка/ab<>
сила/a-силенна/V
тьма/a-тьмуща/V
член/efg<-кореспондент/efg<
чудо/e<>-юдо/e<> ^noun:n
риба/a-меч/eg
ідея/ab-фікс
Зета/a<+-Джонс
макака/ab<>-резус
номер/efg-люкс
Квітка/a<+m-Основ'яненко/e<+m
Володимир/eg-Волинський/i
Гвінея/a-Бісау
Римський/i<+-Корсаков/eg<+
Склодовська/i<+-Кюрі
