австралійський/V
австралієць/abc<
австралійка/abd<
австрійський/V
австрієць/abc<
австрійка/abd<
Азербайджан/e
азербайджанський/V
азербайджанець/abc<
азербайджанка/abd<
аландський/V
Албанія/a
албанський/V
албанець/abc<
албанка/abd<
Алжир/e-
Алжир/eg
алжирський/V
алжирець/abc<
алжирка/abd<
Америка/a
американський/VZ
американець/abc<
американка/abd<
Ангілья/a
ангільський/V
англійський/V
англієць/abc<
англійка/abd<
Ангола/a
ангольський/V
анголець/abc<
анголка/abd<
Андорра/a
андоррський/V
андоррець/abc<
Анегада/a
анегадський/V
Антарктида/a
антарктидський/V
Антигуа noun:f:nv:np
антильський/V
аравійський/V
аравієць/abc<
аравійка/abd<
Аргентина/a
аргентинський/V
аргентинець/abc<
аргентинка/abd<
Аруба/a
арубський/V
Афганістан/e
афганський/V
Африка/a
африканський/V
африканець/abc<
африканка/abd<
Багами/f
багамський/V
багамець/abc<
багамка/abd<
Бангладеш noun:m:nv:np
бангладеський/V
бангладешець/abc<
бангладешка/abd<
Барбадос/e
барбадоський/V
барбадосець/abc<
барбадоска/abd<
Барбуда/a
барбудський/V
Бахрейн/e
бахрейнський/V
Беліз/e
белізький/V
белізець/abc<
белізка/abd<
Бельгія/a
бельгійський/V
бельгієць/abc<
бельгійка/abd<
Бенін/e
бенінський/V
Бермуди/f
бермудський/V
Білорусь/i
білоруський/V
білорус/efgh<
білоруска/abd<
Болгарія/a
болгарський/V
болгарин/ejgh<
болгарка/abd<
боліварський/V
Болівія/a
болівійський/V
болівієць/abc<
болівійка/abd<
Боснія/a
боснійський/V
боснієць/abc<
боснійка/abd<
Ботсвана/a
ботсванський/V
ботсванець/abc<
ботсванка/abd<
Бразилія/a
бразилійський/V
бразильський/V
бразилець/abc<
бразилійка/abd<
британський/V
британець/abc<
британка/abd<
Бруней/e
брунейський/V
брунеєць/abc<
брунейка/abd<
Бруней-Даруссалам noun:m:nv:np
Буве noun:n:nv:np
Буркіна-Фасо noun:n:nv:np
Бурунді noun:n:nv:np
бурундійський/V
Бутан/e
бутанський/V
бутанець/abc<
бутанка/abd<
Вануату noun:n:nv:np
Ватикан/e
ватиканський/V
ватиканець/abc<
ватиканка/abd<
Великобританія/a
великобританський/V
великобританець/abc<
великобританка/abd<
Венесуела/a
венесуельський/V
венесуелець/abc<
венесуелка/abd<
В'єтнам/e
в'єтнамський/V
в'єтнамець/abc<
в'єтнамка/abd<
віргінський/V
Вірменія/a
вірменський/V
вірмен/efgh<
вірменин/ejgh<
вірменка/abd<
Габон/e
габонський/V
Гаїті noun:n:nv:np
гаїтянський/V
гаїтянин/ejgh<
гаїтянка/abd<
Гайана/a
гайанський/V
гайанець/abc<
гайанка/abd<
Гамбія/a
гамбіський/V
гамбієць/abc<
гамбійка/abd<
Гана/a
ганський/V
ганець/abc<
ганка/abd<
гарсійський/V
гарсієць/abc<
гарсійка/abd<
Гваделупа/a
гваделупський/V
Гватемала/a
гватемальський/V
гватемалець/abc<
гватемалка/abd<
Гвіана/a
гвіанський/V
гвіанець/abc<
гвіанка/abd<
гвінейський/V
гвінеєць/abc<
гвінейка/abd<
Герцеговина/a
герцеговинський/V
герцеговинець/abc<
герцеговинка/abd<
гібралтарський/V
гібралтарець/abc<
гібралтарка/abd<
Гібралтар/eg
Гібралтар/e-
Гондурас/e
гондураський/V
гондурасець/abc<
гондураска/abd<
Гонконг/eo
гонконзький/V
гонконгівський/V
Гренада/a
гренадський/V
гренадець/abc<
гренадка/abd<
Гренадіни/o
гренадінський/V
гренадінець/abc<
гренадінка/abd<
Гренландія/a
гренландський/V
гренландець/abc<
гренландка/abd<
Греція/a
грецький/V
грек/efg<
гречанка/abd<
грекиня/abd<
Грузія/a
грузинський/V
грузин/efgh<
грузинка/abd<
Данія/a
данський/V
данець/abc<
данка/abd<
Даруссалам/e
даруссаламський/V
Дезирад noun:m:nv:np
дезирадець/abc<
дезирадка/abd<
Джамахірія/a
джамахірійський/V
джамахірієць/abc<
джамахірійка/abd<
Джибуті noun:n:nv:np
джибутський/V
Джорджія/a
джорджійський/V
Джост/e
джостський/V
Домініка/a
домініканський/V
домініканець/abc<
домініканка/abd<
Еквадор/e
еквадорський/V
еквадорець/abc<
еквадорка/abd<
Ель-Сальвадор/eg
Емірати/f
еміратський/V
еміратець/abc<
еміратка/abd<
Еритрея/a
еритрейський/V
еритреєць/abc<
еритрейка/abd<
Естонія/a
естонський/V
естонець/abc<
естонка/abd<
Ефат/e
ефатський/V
Ефіопія/a
ефіопський/V
ефіоп/efgh<
ефіопка/abd<
Євразія/a
євразійський/V
євразієць/abc<
євразійка/abd<
Європа/a
європейський/V
європеєць/abc<
європейка/abd<
Єгипет/a
єгипетський/V
єгипетянин/ejg
єгипетянка/abd<
Ємен/e
єменський/V
єменець/abc<
єменка/abd<
Замбія/a
замбійський/V
замбієць/abc<
замбійка/abd<
Зеландія/a
зеландський/V
зеландець/abc<
зеландка/abd<
новозеландський/V
новозеландець/abc<
новозеландка/abd<
Зімбабве noun:n:nv:np
зімбабвієць/abc<
зімбабвійка/abd<
Ізраїль/e
ізраїльтянин/ejgh<
ізраїльтянка/abd<
ізраїльський/V
Індія/a
індійський/V
індієць/abc<
індійка/abd<
Індонезія/a
індонезійський/V
індонезієць/abc<
індонезійка/abd<
Ірак/e
іракський/V
іракець/abc<
іракця/abd<
Іран/e
іранський/V
іранець/abc<
іранка/abd<
Ірландія/a
ірландський/V
ірландець/abc<
ірландка/abd<
Ісландія/a
ісландський/V
ісландець/abc<
ісландка/abd<
Іспанія/a
іспанський/V
іспанець/abc<
іспанка/abd<
Італія/a
італійський/V
італієць/abc<
італійка/abd<
Йорданія/a
йорданський/V
йорданець/abc<
йорданка/abd<
Кабо-Верде noun:f:nv:np
Казахстан/e
казахстанський/V
казахстанець/abc<
казахстанка/abd<
казах/efg<
казашка/abd<
казахський/V
Кайкос/e
кайкоський/V
Кайман/e
кайманський/V
кайманець/abc<
кайманка/abd<
каледонський/V
каледонієць/abc<
каледонійка/abd<
Камбоджа/a
камбоджійський/V
камбоджієць/abc<
камбоджійка/abd<
Камерун/e
камерунський/V
камерунець/abc<
камерунка/abd<
Канада/a
канадський/V
канадець/abc<
канадка/abd<
Катар/e
катарський/V
катарець/abc<
катарка/abd<
Кенія/a
кенійський/V
кенієць/abc<
кенійка/abd<
Киргизстан/e
киргизстанський/V
киргизстанець/abc<
киргизстанка/abd<
киргизький/V
киргиз/efgh<
киргизка/abd<
Китай/e
китайський/V
китаєць/abc<
китаянка/abd<
Кілінг/e
кілінзький/V
Кіпр/e
кіпрський/V
кіпрянин/ejgh<
кіпрянка/abd<
Кірибаті noun:n:nv:np
кірибатський/V
кірибатієць/abc<
кірибатійка/abd<
кокосовський/V
колумбійський/V
колумбієць/abc<
колумбійка/abd<
Комори/f
коморський/V
Конго noun:f:nv:np|noun:n:nv:np
конголезець/abc<
конголезка/abd<
конголезький/V
Заїр/eg
заїрський/V
Корея/a
корейський/V
кореєць/abc<
кореянка/abd<
коста-риканський/V
Коста-Рика/a
Люксембург/eo
Кот-д'Івуар/e
Куба/a
кубинський/V
кубинець/abc<
кубинка/abd<
Кувейт/e
кувейтський/V
кувейтець/abc<
кувейтка/abd<
Кука/a
куканський/V
Лаос/e
лаоський/V
лаосець/abc<
лаоска/abd<
Латвія/a
латвійський/V
латвієць/abc<
латвійка/abd<
латиш/efg<
латишка/abd<
латиський/V
Лесото noun:n:nv:np
Литва/a
литовський/V
литовець/abc<
литовка/abd<
Ліберія/a
ліберійський/V
ліберієць/abc<
ліберійка/abd<
Ліван/e
ліванський/V
ліванець/abc<
ліванка/abd<
Лівія/a
лівійський/V
лівієць/abc<
лівійка/abd<
Ліхтенштейн/e
ліхтенштейнський/V
люксембурзький/V
люксембуржець/abc<
Маврикій/e
маврикійський/V
маврикієць/abc<
маврикійка/abd<
Мавританія/a
мавританський/V
мавританець/abc<
мавританка/abd<
Мадагаскар/e
мадагаскарський/V
Маєн/e
маєнський/V
Майотта/a
майоттський/V
Макао noun:n:nv:np
Макдональд
Македонія/a
македонський/V
македонець/abc<
македонка/abd<
Малаві noun:n:nv:np
малавський/V
малавіець/abc<
малавіка/abd<
Малайзія/a
малайзіський/V
малайзієць/abc<
малайзійка/abd<
малайзійський/V
малаєць/abc<
малайка/abd<
малайський/V
Малі noun:n:nv:np
малійський/V
малієць/abc<
малійка/abd<
мальвінський/V
Мальдіви/f
мальдівський/V
мальдівець/abc<
Мальта/a
мальтійський/V
мальтієць/abc<
мальтійка/abd<
марианський/V
Марокко noun:n:nv:np
марокканець/abc<
марокканка/abd<
марокканський/V
Мартим/e
мартимський/V
Мартиніка/a
мартиніканський/V
мартиніканець/abc<
мартиніканка/abd<
маршалловий/V
Мексика/a
мексиканський/V
мексиканець/abc<
мексиканка/abd<
Мікелон/e
мікелонський/V
мікелонець/abc<
мікелонка/abd<
Мікронезія/a
мікронезіський/V
мікронезієць/abc<
мікронезійка/abd<
Мозамбік/e
мозамбікський/V
мозамбікець/abc<
мозамбікця/abd<
Молдова/a
молдовський/V
молдованин/ejgh<
молдованка/abd<
Монако noun:n:nv:np
монакський/V
Монголія/a
монгольський/V
монгол/efgh<
монголка/abd<
Монтсеррат/e
М'янма/a
м'янмський/V
Намібія/a
намібійський/V
намібієць/abc<
намібійка/abd<
Науру noun:n:nv:np
Невіс
Непал/e
непальський/V
непалець/abc<
непалка/abd<
Нігер/e
нігерський/V
нігерець/abc<
нігерка/abd<
Нігерія/a
нігерійський/V
нігерієць/abc<
нігерійка/abd<
Нідерланди/f
нідерландський/V
нідерландець/abc<
нідерландка/abd<
Голландія/a
голландець/abc<
голландка/abd<
голландський/V
Нікарагуа noun:n:nv:np|noun:f:nv:np
нікарагуанський/V
нікарагуанець/abc<
нікарагуанка/abd<
Німеччина/a
ФРН noun:f:nv:np
НДР noun:f:nv:np
німецький/V
німець/abc<
німка/abd<
німкеня/abd<
германський/V
Ніуе noun:n:nv:np
Норвегія/a
норвезький/V
норвежець/abc<
норвежка/abd<
Норонья/a
нороньський/V
Норфолк/e
норфолкський/V
Оман/e
оманський/V
Пакистан/e
пакистанський/V
пакистанець/abc<
пакистанка/abd<
Палау noun:n:nv:np
Палестина/a
палестинський/V
Панама/a
панамський/V
панамець/abc<
ПАР noun:f:nv:np
Парагвай/e
парагвайський/V
парагваєць/abc<
парагвайка/abd<
Перу noun:n:nv:np
перуанський/V
перуанець/abc<
перуанка/abd<
Піткерн/e
піткернський/V
Полінезія/a
полінезійський/V
полінезієць/abc<
полінезійка/abd<
Польща/a
польський/V
поляк/efg<
полячка/abd<
Португалія/a
португальський/V
португалець/abc<
португалка/abd<
Принсипі noun:n:nv:np
принсипський/V
Пуерто-Рико noun:n:nv:np
пуерто-риканський/V
пуерториканець/abc<
пуерториканка/abd<
Росія/a
російський/VZ
росіянин/ejgh<
росіянка/abd<
РРФСР noun:f:nv:np
РСР noun:f:nv:np
Руанда/a
руандійський/V
руандієць/abc<
руандійка/abd<
Румунія/a
румунський/V
румун/efgh<
румунка/abd<
Сальвадор/e
сальвадорський/V
сальвадорець/abc<
сальвадорка/abd<
Самоа noun:n:nv:np|noun:f:nv:np
самоанець/abc<
самоанський/V
сандвічевий/V
Сан-Марино noun:n:nv:np
сан-маринський/V
Сан-Томе noun:n:nv:np
саудівський/V
Сахара/a
сахарський/V
Свазіленд/e
свазілендський/V
Свальбард noun:m:nv:np
свальбардський/V
сванетія/a
сван/efgh<
сванка/abd<
сванський/V
Сейшели/f
сейшельський/V
Сен-Бартельмі noun:f:nv:np
Сенегал/e
сенегальський/V
сенегалець/abc<
сенегалка/abd<
Сен-П'єр/e
Сент-Вінсент/e
Сент-Джон/e
Сент-Кітс/e
Сент-Круа noun:m:nv:np
Сент-Люсія/a
Сент-Мартин/e
Сент-Томас/e
Сербія/a
сербський/V
серб/efgh<
сербин/egh<
сербка/abd<
сербинка/abd<
Сирія/a
сирійський/V
сирієць/abc<
сирійка/abd<
Сингапур/e
сингапурський/V
сингапурець/abc<
сингапурка/abd<
словацький/V
Словаччина/a
словак/efg<
словачка/abd<
Словенія/a
словенський/V
словенець/abc<
словенка/abd<
соломоновий/V
Сомалі noun:n:nv:np
сомалі noun:m:nv:anim|noun:f:nv:anim
сомалі noun:f:nv:np
сомалійський/V
сомалієць/abc<
сомалійка/abd<
Судан/e
суданський/V
суданець/abc<
суданка/abd<
Суринам/e
суринамський/V
суринамець/abc<
суринамка/abd<
США noun:p:nv:ns
Сьєрра-Леоне noun:n:nv:np
Таджикистан/e
таджикистанський/V
таджикистанець/abc<
таджикистанка/abd<
таджицький/V
таджик/efg<
таджичка/abd<
таїландський/V
таїландець/abc<
таїландка/abd<
тайський/V
Таїланд/e
Тайвань/e
тайванський/V
тайванець/abc<
тайванка/abd<
Танзанія/a
танзанійський/V
танзанієць/abc<
танзанійка/abd<
Теркс/e
теркський/V
Тимор-Лешті noun:m:nv:np
Тобаго noun:n:nv:np
тобазький/V
Того noun:m:nv:np
тоголезький/V
тоголезець/abc<
тоголезка/abd<
Токелау noun:n:nv:np
Тонга/a
тонзький/V
Тортола/a
тортольський/V
Тринідад/eh
тринідадський/V
Тувалу noun:n:nv:np
тувальський/V
Туніс/e
туніський/V
тунісець/abc<
туніска/abd<
Туреччина/a
турецький/V
туркеня/abd<
турок/abc<
турчанка/abd<
Туркменістан/e
туркменістанський/V
туркменістанець/abc<
туркменістанка/abd<
туркменський/V
туркмен/efgh<
туркменка/abd<
Уганда/a
угандійський/V
угандієць/abc<
угандійка/abd<
Угорщина/a
угорський/V
угорець/abc<
угорка/abd<
мадяр/efgh<
мадярка/abd<
мадярський/V
Уельс/eh
уельський/V
уельсьці/f<
валлійський/V
валлієць/abc<
валлійка/abd<
Узбекистан/e
узбекистанський/V
узбекистанець/abc<
узбекистанка/abd<
узбек/efg<
узбечка/abd<
узбецький/V
український/V
вкраїнський/V
українець/abc<
українка/abd<
Уолліс/e
уоллійський/V
Уругвай/e
уругвайський/V
уругваєць/abc<
уругвайка/abd<
фарерський/V
Фіджі noun:n:nv:np
фіджійський/V
фіджієць/abc<
фіджійка/abd<
Філіппіни/o
філіппінський/V
філіппінець/abc<
філіппінка/abd<
Фінляндія/a
фінляндський/V
фін/efgh<
фінка/abd<
фінський/V
фолклендський/V
Франція/a
французький/V
француз/efgh<
француженка/abd<
Футуна/a
футунський/V
Хагос/e
хагоський/V
хашимітський/V
Херд/e
хердський/V
Хорватія/a
хорватський/V
хорват/efgh<
хорватка/abd<
центральноафриканський/V
Чад/e
чеський/V
Чехія/a
чех/efg<
чешка/abd<
Чилі noun:f:nv:np
чилійський/V
чилієць/abc<
чилійка/abd<
Чорногорія/a
чорногорський/V
чорногорець/abc<
чорногорка/abd<
Швейцарія/a
швейцарський/V
швейцарець/abc<
швейцарка/abd<
Швеція/a
шведський/V
швед/efgh<
шведка/abd<
Шотландія/ad
шотландський/V
шотландець/abc<
шотландка/abd<
Шрі-Ланка/a
шрі-ланкійський/V
цейлонський/V
Югославія/a
югославський/V
югослав/efgh<
югославка/abd<
Ямайка/a
ямайський/V
Ян-Маєн noun:m:nv:np
Японія/a
японський/V
японець/abc<
японка/abd<
Аравія/ad
Австралія/ad
Австрія/ad
Англія/ad
Британія/ad
Гвінея/ad
Каледонія/ad
Колумбія/ad
Україна/abd
