# Іменники
# !noun

# і - е

капіж капежу капежем капежеві капежі
куліш кулешу кулешем кулешеві кулеші
причіп причепі причепом причепові причепу причепах причепами причепам причепів причепи причепа
автопричіп автопричепі автопричепом автопричепові автопричепу автопричепах автопричепами автопричепам автопричепів автопричепи автопричепа
напівпричіп напівпричепі напівпричепом напівпричепові напівпричепу напівпричепах напівпричепами напівпричепам напівпричепів напівпричепи напівпричепа
погріб погреба погребу погребом погребі погреби погребів погребам погребами погребах
непотріб непотреба непотребові непотребу непотребом непотребі
оберіг оберегів оберегу оберегом оберегам оберегами обереги оберегах оберега оберегові
фотопапір фотопаперу фотопапером фотопаперові фотопапері
папір паперу папером паперові папері
ящір ящері ящером ящерові ящеру ящера ящере
жостір жостеру жостерові жостером жостері жостери жостерів жостерам жостерами жостерах
ятір ятера ятеру ятерові ятером ятери ятерів ятерам ятерами ятерах
протіс протесу протесові протесом протесі протеси протесів протесам протесами протесах
попіл попелі попелом попелу
іній інею інеєві інеєм інеї
Борщів Борщева Борщеву Борщевом Борщеві

# і - о
якір якоря якорю якорем якореві якорі якорів якорям якорями якорях
Тернопіль Тернополя Тернополю Тернополеві Тернополем Тернополі
Бориспіль Борисполем Борисполі Борисполя Борисполю
біль болю болеві болем болі болів болям болями болях
кукіль куколю куколеві куколем куколі
лід льоду льодом льодові льоді
сніголід снігольоду снігольодові снігольодом
проклін прокльону прокльонові прокльоном прокльоні прокльони прокльонів прокльонам прокльонами прокльонах
паслін пасльону пасльонові пасльоном пасльоні
кіш коша кошу кошеві кошем коші кошів кошам кошами кошах

дрівця дровець дрівець дрівцям дрівцями дрівцях

# о - і
виселок висілка висілку висілком висілкові висілків висілкам висілками висілки висілках
гонець гінця гінцю гінцеві гінцем гінці гінців гінцям гінцями гінцях
пагонець пагінця пагінцю пагінцеві пагінцем пагінці пагінців пагінцям пагінцями пагінцях
хосен хісна хісну хіснові хісном хісні
корець кірця корця кірцю корцю кірцеві корцеві кірцем корцем кірці корці кірців корців кірцям корцям кірцями корцями кірцях корцях

роботи робіт роботам роботами роботах

# о - 0
шов шву швом шва шві

# е - 0
соловей солов'їв солов'я солов'ям солов'єм солов'ями солов'ях солов'ю солов'ї солов'єві
наростень наросня наросню наросневі нароснем наросні

# і - 0
вугіль вугля вуглю вуглеві вуглем вуглі
шворінь шворня шворню шворневі шворнем шворні шворнів шворням шворнями шворнях

# 0 - о
Великдень Великодню Великоднем Великодня

ночви ночов ночвам ночвами ночвах
сакви саков саквам саквами саквах
судорги судорог судоргам судоргами судоргах

# 0 - е
вістря вістер вістрям вістрями вістрях вістрю вістрі
п'яльця п'ялець п'яльцям п'яльцями п'яльцях

# т - 0
прихвостень прихвосня прихвосневі прихвосню прихвоснем прихвосні
накістень накісня накісню


# множина

# інше
свині свиней свиням свинями свинях
кури курей курям курми курях
кури-гриль курей-гриль курям-гриль курми-гриль курях-гриль
тюрми тюрем тюрмам тюрмах тюрмами

жита житів житам житами житах

# власні (також додаткові)
Майя Майї Майєю
Гімалаї Гімалаїв Гімалаям Гімалаях
Євангеліє Євангелії Євангелія Євангеліям Євангеліях Євангеліями
Гаваї Гаваїв Гаваях Гаваям Гаваями
Перм Пермі Перм'ю

Руси Русь noun:f:v_rod:alt

# відмінювання обох частин


# з тегами

# додаткові форми
стіс стос noun:m:v_naz/v_zna
залім залом noun:m:v_naz/v_zna
хірт хорт noun:m:v_naz/v_zna:anim
кріль кріль noun:m:v_naz:anim
сосон сосна noun:p:v_rod
відьом відьма noun:p:v_rod/v_zna:anim
верстов верста noun:p:v_rod
одіж одежа noun:f:v_naz/v_zna
воріженьки вороженько noun:p:v_naz:anim:rare
очки очко noun:p:v_naz
воєн війна noun:p:v_rod
грошима гроші noun:p:v_oru
грішми гроші noun:p:v_oru
людоньки людоньки noun:p:v_naz:anim
басищеві басище noun:m:v_dav//n:v_dav

яловець ялівець noun:m:v_naz/v_zna

відом відом noun:m:v_naz:rare
відома відом noun:m:v_rod
відому відом noun:m:v_dav:rare
відом відом noun:m:v_zna:rare
відомом відом noun:m:v_oru
відомі відом noun:m:v_mis:rare

крильми крило noun:p:v_oru
слізьми сльоза noun:p:v_oru
коліньми коліно noun:p:v_oru
гістьми гість noun:p:v_oru:anim
кістьми кість noun:p:v_oru
свиньми свиня noun:p:v_oru:anim
ворітьми ворота noun:p:v_oru:ns
воротям ворота noun:p:v_dav:ns
воротях ворота noun:p:v_mis:ns

губів губа noun:p:v_rod
зморщок зморшка noun:p:v_rod
легенів легеня noun:p:v_rod
льоту літ noun:m:v_rod/v_dav/v_mis
панотче панотець noun:m:v_kly:anim
персні перстень noun:p:v_naz/v_zna
старче старець noun:m:v_kly:anim
чернець ченець noun:m:v_naz:anim
мамів мама noun:p:v_rod:anim

штаням штани noun:p:v_dav:ns
штаньми штани noun:p:v_oru:ns
штанями штани noun:p:v_oru:ns
штанях штани noun:p:v_mis:ns

дошки дошка noun:p:v_naz/v_zna
дощок дошка noun:p:v_rod
дошкам дошка noun:p:v_dav
дошками дошка noun:p:v_oru
дошках дошка noun:p:v_mis


Божечко Божечко noun:m:v_kly
Божечку Божечко noun:m:v_kly

# давні форми
житіє житіє noun:n:v_naz/v_zna
бельмеса бельмес noun:m:v_rod
язицех язик noun:p:v_mis
властен властен predic

давніх-давен давніх-давен noun:p:v_rod:ns

Кишиневі Кишинів noun:m:v_mis
робом роб noun:m:v_oru
лихвою лихва noun:f:v_oru

очі око noun:p:v_naz/v_zna
очей око noun:p:v_rod
очам око noun:p:v_dav
очима око noun:p:v_oru
очах око noun:p:v_mis
вічі око noun:p:v_zna

вісь вісь noun:f:v_naz/v_zna
осі вісь noun:f:v_rod/v_dav/v_mis//p:v_naz/v_zna
віссю вісь noun:f:v_oru
осей вісь noun:p:v_rod
осям вісь noun:p:v_dav
осях вісь noun:p:v_mis
осями вісь noun:p:v_oru
піввісь піввісь noun:f:v_naz/v_zna
півосі піввісь noun:f:v_rod/v_dav/v_mis//p:v_naz/v_zna
піввіссю піввісь noun:f:v_oru
півосей піввісь noun:p:v_rod
півосям піввісь noun:p:v_dav
півосях піввісь noun:p:v_mis
півосями піввісь noun:p:v_oru

овес овес noun:m:v_naz/v_zna
вівса овес noun:m:v_rod//p:v_naz/v_zna
вівсу овес noun:m:v_dav
вівсом овес noun:m:v_oru
вівсі овес noun:m:v_mis
вівси овес noun:p:v_naz/v_zna
вівсів овес noun:p:v_rod
вівсам овес noun:p:v_dav
вівсами овес noun:p:v_oru
вівсах овес noun:p:v_mis

вівці вівця noun:p:v_naz/v_zna:anim
овець вівця noun:p:v_rod/v_zna:anim
вівцям вівця noun:p:v_dav:anim
вівцями вівця noun:p:v_oru:anim
вівцях вівця noun:p:v_mis:anim


дідуньо дідунь noun:m:v_naz:anim
татуньо татунь noun:m:v_naz:anim
татусьо татусь noun:m:v_naz:anim

ігри гра noun:p:v_naz/v_zna
ігор гра noun:p:v_rod
іграм гра noun:p:v_dav
іграми гра noun:p:v_oru
іграх гра noun:p:v_mis
відеоігри відеогра noun:p:v_naz/v_zna
відеоігор відеогра noun:p:v_rod
відеоіграм відеогра noun:p:v_dav
відеоіграми відеогра noun:p:v_oru
відеоіграх відеогра noun:p:v_mis

літ літ noun:m:v_naz/v_zna
лету літ noun:m:v_rod/v_dav/v_mis
льоту літ noun:m:v_rod/v_dav/v_mis
летові літ noun:m:v_dav
летом літ noun:m:v_oru
льотом літ noun:m:v_oru
льоті літ noun:m:v_mis
леті літ noun:m:v_mis

окові око noun:n:v_dav

Ігор Ігор noun:m:v_naz:anim
Ігореві Ігор noun:m:v_dav:anim
Ігореві Ігор noun:m:v_mis:anim
Ігорем Ігор noun:m:v_oru:anim
Ігорі Ігор noun:m:v_mis:anim
Ігоря Ігор noun:m:v_rod/v_zna:anim
Ігорю Ігор noun:m:v_dav/v_mis:anim
Ігоре Ігор noun:m:v_kly:anim
Ігор/p

Господь Господь noun:m:v_naz:anim
Господа Господь noun:m:v_rod:anim
Господові Господь noun:m:v_dav/v_mis:anim
Господеві Господь noun:m:v_dav/v_mis:anim
Господу Господь noun:m:v_dav:anim
Господом Господь noun:m:v_oru:anim
Господі Господь noun:m:v_mis:anim
Господи Господь noun:m:v_kly:anim

Христа Христос noun:m:v_rod/v_zna:anim
Христу Христос noun:m:v_dav:anim
Христові Христос noun:m:v_dav/v_mis:anim
Христом Христос noun:m:v_oru:anim
Христі Христос noun:m:v_mis:anim

Донець Донець noun:m:v_naz/v_zna
Дінця Донець noun:m:v_rod
Дінцю Донець noun:m:v_dav/v_mis
Дінцем Донець noun:m:v_oru
Дінці Донець noun:m:v_mis

четвер четвер noun:m:v_naz/v_zna
четверга четвер noun:m:v_rod
четвергу четвер noun:m:v_dav/v_mis
четвергові четвер noun:m:v_dav
четвергом четвер noun:m:v_oru
четверги четвер noun:p:v_naz/v_zna
четвергах четвер noun:p:v_mis
четвергів четвер noun:p:v_rod
четвергам четвер noun:p:v_dav

плечі плече noun:p:v_naz/v_zna
плечей плече noun:p:v_rod
пліч плече noun:p:v_rod
плечам плече noun:p:v_dav
плечима плече noun:p:v_oru
плечах плече noun:p:v_mis

зябра зябра noun:p:v_naz/v_zna
зябер зябра noun:p:v_rod
зябрам зябра noun:p:v_dav
зябрами зябра noun:p:v_oru
зябрах зябра noun:p:v_mis

хабарів хабар noun:p:v_rod
хабарам хабар noun:p:v_dav
хабарами хабар noun:p:v_oru
хабарах хабар noun:p:v_mis
хабарі хабар noun:p:v_naz
хабарі хабар noun:p:v_zna
комарів комар noun:p:v_rod
комарів комар noun:p:v_zna
комарам комар noun:p:v_dav
комарами комар noun:p:v_oru
комарах комар noun:p:v_mis
комарі комар noun:p:v_naz
пластирів пластир noun:p:v_rod
пластирам пластир noun:p:v_dav
пластирами пластир noun:p:v_oru
пластирах пластир noun:p:v_mis
пластирі пластир noun:p:v_naz
пластирі пластир noun:p:v_zna
лейкопластирів лейкопластир noun:p:v_rod
лейкопластирам лейкопластир noun:p:v_dav
лейкопластирами лейкопластир noun:p:v_oru
лейкопластирах лейкопластир noun:p:v_mis
лейкопластирі лейкопластир noun:p:v_naz
лейкопластирі лейкопластир noun:p:v_zna

гребню гребінь noun:m:v_dav
гребню гребінь noun:m:v_mis
гребневі гребінь noun:m:v_dav
гребнем гребінь noun:m:v_oru
гребні гребінь noun:m:v_mis
гребні гребінь noun:p:v_naz
гребні гребінь noun:p:v_zna
гребнів гребінь noun:p:v_rod
гребням гребінь noun:p:v_dav
гребнями гребінь noun:p:v_oru
гребнях гребінь noun:p:v_mis
гребня гребінь noun:m:v_rod

чоботи чобіт noun:p:v_naz/v_zna
чобіт чобіт noun:p:v_rod
чоботам чобіт noun:p:v_dav
чоботям чобіт noun:p:v_dav
чобітьми чобіт noun:p:v_oru
чоботами чобіт noun:p:v_oru
чоботах чобіт noun:p:v_mis
чоботях чобіт noun:p:v_mis

горщок горщок noun:m:v_naz/v_zna
горшка горщок noun:m:v_rod
горшку горщок noun:m:v_dav/v_mis
горшкові горщок noun:m:v_dav
горшком горщок noun:m:v_oru

війя війя noun:n:v_naz/v_rod/v_zna
війю війя noun:n:v_dav/v_mis
війям війя noun:n:v_oru
війї війя noun:n:v_mis

кінця-краю кінця-краю noun:m:v_rod
предку-віку предку-віку noun:m:v_zna

панове пан noun:p:v_kly

вуса вуса noun:p:v_naz/v_zna

скаку скак noun:m:v_mis

# Прислівники

більше багато adv:compr
більш багато adv:compr
найбільше багато adv:super
найбільш багато adv:super
щонайбільше багато adv:super
щонайбільш багато adv:super
якнайбільше багато adv:super
якнайбільш багато adv:super
менше мало adv:compr
менш мало adv:compr
найменше мало adv:super
найменш мало adv:super
щонайменше мало adv:super
щонайменш мало adv:super
якнайменше мало adv:super
якнайменш мало adv:super


#
# Дієслова
#
# !verb

бути бути verb:inf:imperf
буду бути verb:futr:s:1:imperf
будеш бути verb:futr:s:2:imperf
буде бути verb:futr:s:3:imperf
будемо бути verb:futr:p:1:imperf
будем бути verb:futr:p:1:imperf
будете бути verb:futr:p:2:imperf
будуть бути verb:futr:p:3:imperf
є бути verb:pres:p:/1/2/3:imperf
є бути verb:pres:s:/1/2/3:imperf
єси бути verb:pres:s:2:imperf:rare
суть бути verb:pres:p:3:imperf:rare
був бути verb:past:m:imperf
була бути verb:past:f:imperf
було бути verb:past:n:imperf
були бути verb:past:p:imperf
будь бути verb:impr:s:2:imperf
будьмо бути verb:impr:p:2:imperf
будьте бути verb:impr:p:3:imperf
бувши бути advp

підем піти verb:futr:p:2:perf
підім піти verb:impr:p:2:perf
ходім ходити verb:impr:p:2:imperf
боронь боронити verb:impr:s:2:imperf

засохти засохнути verb:inf:perf
загрузти загрузнути verb:inf:perf
заслабти заслабнути verb:inf:perf
досохти досохнути verb:inf:perf
замерзти замерзнути verb:inf:perf
вимокти вимокнути verb:inf:perf
заклякти заклякнути verb:inf:perf

гнисти гнистиме гнистимеш гнистимуть гнистиму гнистимемо гнистимем гнистимете
загнисти загнити verb:inf:perf
вичахти вичахнути verb:inf:perf
вичахши вичахнути advp
#замокти замокне замокнуть замок замокла замокло замокли замокши
замокти замокнути verb:inf:perf

входитися/BX :imperf:rare

ввити ввив ввила ввило ввили ввий ввиймо ввийте ввито ввивши
жати жну жнеш жне жнемо жнете жнуть
зжати зіжну зіжнеш зіжне зіжнемо зіжнете зіжнуть зжав зжало зжала зжали зжавши
нажати нажну нажнеш нажне нажнемо нажнете нажнуть нажавши
пожати пожну пожнеш пожне пожнемо пожнете пожнуть пожавши
пожати/K :perf
ссати ссу ссеш ссе ссемо ссете ссуть ссав ссала ссало ссали ссавши
виникнути виникну виникнеш виникне виникнемо виникнете виникнуть виник виникла виникло виникли виникнувши
віссати віссу віссеш віссе віссемо віссете віссуть віссав віссала віссало віссали віссавши
виссати виссу виссеш виссе виссемо виссете виссуть виссав виссала виссало виссали виссавши
увіссати увіссу увіссеш увіссе увіссемо увіссете увіссуть увіссав увіссала увіссало увіссали увіссавши

ввібрати ввібрав ввібрала ввібрало ввібрали ввібратися ввібравсь ввібрався ввібралась ввібралася ввібралось ввібралося ввібрались ввібралися ввібравшись ввібравши
увібрати увібрав увібрала увібрало увібрали увібратися увібравсь увібрався увібралась увібралася увібралось увібралося увібрались увібралися увібравшись увібравши
ввігнати ввігнав ввігнала ввігнало ввігнали ввігнатися ввігнавсь ввігнався ввігналась ввігналася ввігналось ввігналося ввігнались ввігналися ввігнавши ввігнавшись
увігнати увігнав увігнала увігнало увігнали увігнатися увігнавсь увігнався увігналась увігналася увігналось увігналося увігнались увігналися увігнавши увігнавшись
відмерти відімру відімреш відімре відімремо відімрете відімруть відмерши
відперти відпертися відпертись відпер відперли відіпру відіпреш відіпре відіпремо відіпрете відіпруть відіпри відіпріть відіпрусь відіпруся відіпрешся відіпреться відіпремось відіпремося відіпруться відіпретесь відіпрись відіприся відіпріться відперши
відтерти відтертися відтертись відтер відтерли відітру відітреш відітре відітремо відітрете відітруть відітри відітріть відітрусь відітруся відітрешся відітреться відітремось відітремося відітруться відітретесь відітрись відітрися відітріться відтерши

обтерти обтертися обтертись обітру обітреш обітре обітремо обітрете обітруть обітри обітрімо обітріть обітрусь обітруся обітрешся обітреться обітремось обітремося обітретесь обітретеся обітруться обітрись обітрися обітрімось обітрімося обітріться обтерши обтерся
обперти обпертися обпертись обіпру обіпреш обіпре обіпремо обіпрете обіпруть обіпри обіпріть обіпрімо обіпрусь обіпруся обіпрешся обіпреться обіпремось обіпремося обіпретесь обіпретеся обіпруться обіпрись обіприся обіпрімось обіпрімося обіпріться обперши обперся обпершись

підперти підпертися підпертись підпер підперла підперло підперли підіпру підіпреш підіпре підіпремо підіпрете підіпруть підіпри підіпріть підіпрімо підіпрусь підіпруся підіпрешся підіпреться підіпремось підіпремося підіпретесь підіпретеся підіпруться підіпрись підіприся підіпрімось підіпрімося підіпріться підперши підпетро
підтерти підтертися підтертись підтер підтерла підтерло підтерли підітру підітреш підітре підітремо підітрете підітруть підітри підітріть підітрімо підітрусь підітруся підітрешся підітреться підітремось підітремося підітретесь підітретеся підітруться підітрись підітрися підітрімось підітрімося підітріться підтерши підтерто
розтерти розтертися розтертись розтер розтерла розтерли розтерло розітру розітреш розітре розітремо розітрете розітруть розітри розітріть розітрімо розітрусь розітруся розітрешся розітреться розітремось розітремося розітретесь розітретеся розітруться розітрись розітрися розітрімось розітрімося розітріться розтерши розтерто
сперти спер сперла сперли сперло зіпру зіпреш зіпре зіпремо зіпрете зіпруть зіпри зіпріть зіпрусь сперши сперто
спертися спертись зіпруся зіпрешся зіпреться зіпремось зіпремося зіпретесь зіпретеся зіпруться зіпрись зіпріться спершись
стерти стертися стертись стер стерла стерли стерло зітру зітреш зітре зітремо зітрете зітруть зітри зітріть стерши стерто
стертися стерлася стерлися стерлося стерся зітрусь зітруся зітрешся зітреться зітремось зітремося зітретесь зітретеся зітруться зітрись зітріться

# наказна фома є зайвою - не має сенсу значно ускладнювати правила???
могти можеш можуть можу можемо могло могли міг може можете могла мігши
змогти зможеш зможуть зможу зможемо змогло змогли зміг зможе зможете змогла змігши

захотіти захочеш захочуть захотів захочу захочемо захотіло захотіли захоче захочете захотіла захотівши
захотітися захотівсь захочусь захочемось захотілось захотілись захочетесь захотілась захотітись захочешся захочуться захочеться захотівся захочуся захочемося захотілося захотілися захочетеся захотілася
розхотіти розхочеш розхочуть розхотів розхочу розхочемо розхотіло розхотіли розхоче розхочете розхотіла розхотівши
розхотітися розхотівсь розхочусь розхочемось розхотілось розхотілись розхочетесь розхотілась розхотітись розхочешся розхочуться розхочеться розхотівся розхочуся розхочемося розхотілося розхотілися розхочетеся розхотілася
перехотіти перехочеш перехочуть перехотів перехочу перехочемо перехотіло перехотіли перехоче перехочете перехотіла перехотівши
перехотітися перехотівсь перехочусь перехочемось перехотілось перехотілись перехочетесь перехотілась перехотітись перехочешся перехочуться перехочеться перехотівся перехочуся перехочемося перехотілося перехотілися перехочетеся перехотілася
схотіти схочеш схочуть схотівсь схотів схочу схочемо схотіло схотіли схоче схочете схотіла схотівши
схотітися схочусь схочемось схотілось схотілись схочетесь схотілась схотітись схочешся схочуться схочеться схотівся схочуся схочемося схотілося схотілися схочетеся схотілася
хотіти хочеш хотітимеш хочуть хотітимуть хотів хочу хочемо хотітимемо хотіло хотіли хоти хоче хочете хотітимете хотітиме хотіла хотівши
хотітися хотівсь хочусь хотітимусь хочемось хотітимемось хотілось хотілись хочетесь хотітиметесь хотілась хотітись хотітиму хочешся хотітимешся хочуться хотітимуться хочеться хотітиметься хотівся хочуся хотітимуся хочемося хотітимемося хотілося хотілися хочетеся хотітиметеся хотілася

тяти тяв тяла тяло тяли тну тнеш тне тнемо тнем тнете тнуть тни тнімо тнім тніть тятиму тятимеш тятиме тятимемо тятимем тятимете тятимуть тявши
витяти/A :perf
витятися/B :perf
дотяти/A :perf

# теп. час - "сопеш" - виняток з /A
сопіти соплю сопеш сопе сопемо сопете соплять сопів сопіла сопіло сопітиму сопітимеш сопітимемо сопітимем сопітимете сопітимуть сопівши
сопти сопу сопеш сопе сопемо сопем сопете сопуть сіп сопла сопло сопли соптиму соптимеш соптимемо соптимем соптимете соптимуть сіпши
засопти засопу засопеш засопе засопемо засопем засопете засопуть засіп засопла засопло засопли засіпши

# не працюють правила при повній заміні слів (чергування з початку слова)
гнати гнала гнатиме жене гнатимете женете гнали жени гнало женімо гнатимемо женемо женіть гнатимуть женуть гнатимеш женеш гнавши гнатиму жену гнав
гнатися гналася гнатиметеся женетеся гналися женися гналося женімося гнатимемося женемося гнатимуся женуся гнався женіться гнатиметься женеться гнатимуться женуться гнатимешся женешся гнатись гналась гнатиметесь женетесь гнались женись гналось женімось гнатимемось женемось гнатимусь женусь гнавсь
слати шлю слала шле шлете слали шли слало шлімо шлемо слав шліть шлють шлеш славши

# обмежені форми
сутеніти сутеніє сутеніло сутенітиме
вечоріти вечоріє вечоріло вечорітиме
звечоріти звечоріє звечоріло
завечоріти завечоріє завечоріло
закортіти закортить закортіло
завесніти завесніло завесніє
обвидніти обвидніло обвидніє
фортунити фортунить фортунило фортунитиме
імжити імжить імжило імжитиме
пофортунити пофортунить пофортунило
таланити таланить таланило таланитиме
вистарчити вистарчить вистарчило
вистарчати вистарчає вистарчало вистарчатиме
забракнути забракне забракло
смеркнути смеркне смеркло
задріматися задрімається задрімалося

пітися пітись підеться підуться пішовся пішовсь пішлася пішлась пішлося пішлось пішлися пішлись пішовшись

житися житися verb:rev:inf:s:3:imperf
живеться житися verb:rev:pres:s:3:imperf
житиметься житися verb:rev:futr:s:3:imperf
жилося житися verb:rev:past:s:3:imperf
жилось житися verb:rev:past:s:3:imperf

боліти болиш болить болять болів боліла боліли
зболіти зболить зболять зболів зболіла зболіли
гудіти гудуть гуло гуде
#пахтіти пахтить пахтять пахтітиме пахтітимуть пахтять пахтів пахтіла пахтіло пахтіли
пахтіти/KG :imperf
пахтіти пахтять пахтить
приїстися приїсться приїдяться приївся приївсь
буяти буяв буяла буяло буяли буяє буяєш буяють буявши буяючи
забуяти забуяв забуяла забуяло забуяли
вибуяти вибуяв вибуяла вибуяло вибуяли вибуяє вибуяєш вибуяють вибуявши
побуяти побуяв побуяла побуяло побуяли побуяє побуяєш побуяють побуявши
заквітнути заквітне заквітнуть заквітнув заквітнула заквітла заквітло заквітнуло заквітли заквітнули заквітнувши
дути дмуть дму дмеш дме дмете дмемо
млоїти млоїтиме млоїтимуть млоїть млоять млоїло млоїла млоїв млоїли млоївши
відвологти відвологне відвологнуть відволог відвологла відвологло відвологли відвологши
діятися діятись діятиметься діятимуться діється діються діючись діялися діялись діявся діявсь діялася діялась діялося діялось діявшись
приверзтися приверзтись приверзеться приверзуться привезся приверзлася приверзлась приверзлося приверзлось приверзлися приверзлись приверзшись

# паралельні
розідрати розідрав розідрала розідрало розідрали розідрано
зідрати зідрав зідрала зідрало зідрали зідравши зідрано
підтяти підтяв підтяла підтяло підтяли підтято підтявши

клясти клену кленеш клене кленемо кленем кленете кленуть клени кленімо кленім кленіть кленучи


# виняток для наказової: походить від неіснуючої форми на -нути
відпочити відпочинь відпочиньмо відпочиньте
перепочити перепочинь перепочиньмо перепочиньте

# лише наказова
стривати/C :imperf
прощавати/C :imperf

# нові

занизати/A :perf

довити дов'ю дов'єш дов'є
слатися слатись
човпти/MG :imperf
відгусти відгуду відгудеш відгуде відгудемо відгудем відгудете відгудуть
перегусти перегуде перегудуть перегув перегула перегуло перегули
нагустися нагудуся нагудусь нагудешся нагудеться нагудемося нагудемось нагудемсь нагудетеся нагудетесь нагудудться нагувшись


# короткі прикметники
безвинен безвинний adj:m:v_naz/v_zna:contr
благословен благословенний adj:m:v_naz/v_zna:contr
#блажен блаженний adj:m:v_naz/v_zna:contr
винен винний adj:m:v_naz/v_zna:contr
#вістен вістний adj:m:v_naz/v_zna:contr
вістен вісний adj:m:v_naz/v_zna:contr
годен годний adj:m:v_naz/v_zna:contr
дивен дивний adj:m:v_naz/v_zna:contr
достоїн достойний adj:m:v_naz/v_zna:contr
дрібен дрібний adj:m:v_naz/v_zna:contr
єхиден єхидний adj:m:v_naz/v_zna:contr
жаден жадний adj:m:v_naz/v_zna:contr
жив живий adj:m:v_naz/v_zna:contr
жоден жодний adj:m:v_naz/v_zna:contr
звістен звісний adj:m:v_naz/v_zna:contr
згоден згодний adj:m:v_naz/v_zna:contr
здатен здатний adj:m:v_naz/v_zna:contr
здоров здоровий adj:m:v_naz/v_zna:contr
зелен зелений adj:m:v_naz/v_zna:contr
золот золотий adj:m:v_naz/v_zna:contr
кожен кожний adj:m:v_naz/v_zna:contr
красен красний adj:m:v_naz/v_zna:contr
ладен ладний adj:m:v_naz/v_zna:contr
молод молодий adj:m:v_naz/v_zna:contr
невинен невинний adj:m:v_naz/v_zna:contr
негоден негодний adj:m:v_naz/v_zna:contr
незгоден незгодний adj:m:v_naz/v_zna:contr
неладен неладний adj:m:v_naz/v_zna:contr
немощен немощний adj:m:v_naz/v_zna:contr
ненавиден ненавидний adj:m:v_naz/v_zna:contr
ненавистен ненависний adj:m:v_naz/v_zna:contr
певен певний adj:m:v_naz/v_zna:contr
повен повний adj:m:v_naz/v_zna:contr
#повинен повинний adj:m:v_naz/v_zna:contr
#потрібен потрібний adj:m:v_naz/v_zna:contr
прекрасен прекрасний adj:m:v_naz/v_zna:contr
привинен привинний adj:m:v_naz/v_zna:contr
провинен провинний adj:m:v_naz/v_zna:contr
рад радий adj:m:v_naz/v_zna:contr
рівен рівний adj:m:v_naz/v_zna:contr
самітен самітний adj:m:v_naz/v_zna:contr
свят святий adj:m:v_naz/v_zna:contr
силен сильний adj:m:v_naz/v_zna:contr
славен славний adj:m:v_naz/v_zna:contr
смутен смутний adj:m:v_naz/v_zna:contr
срібен срібний adj:m:v_naz/v_zna:contr
чорен чорний adj:m:v_naz/v_zna:contr
ясен ясний adj:m:v_naz/v_zna:contr
