Аахен/eg
Абакан/eg
абіджанський/V
Абіджан/eg
абіссінець/abc
Абхазія/a
абхазький/V
абхазько-адигейський/V
аварський/V
Авдіївка/a
авестійський/V
Авіньйон/eg
Австралазія/a
австріяк/efg
австронезійський/V
Австро-Угорщина/a
австрофільський/V
агарський/V
агарянин/ejgh
агарянка/ab
агарянський/V
Аделаїда/a
Аден/eg
адигеєць/abc
адигейка/abd
адигейський/V
Адигея/a
Адлер/eg
адріатичний/V
азійський/V
Азія/a
азово-сиваський/V
азово-чорноморський/V
азовський/V
Азов/eg
Азорські/j
Айдахо
аймара
айни
айнський/V
Айова/a
Акапулько
аккерманський/V
Аккерман/eg
актюбінський/V
Актюбінськ/eg
Алабама/a
Аламеда/a
Аламогордо
Аламос/eg
Альбукерке/eg
алгонкінський/V
Алдан/eg
алеутський/V
Алмати
алматинський/V
Альпи/o
альпійський/V
альпійсько-гімалайський/V
алтайський/V
Алтай/e
Алупка/a
алупкинський/V
Алушта/a
алуштинський/V
алчевський/V
Алчевськ/eg
Аляска/a
амвросіївський/V
американістка/ab
американо-англійський/V
американо-китайський/V
Амман/eg
амстердамський/V
Амстердам/eg
амудар'їнський/V
Амудар'я/a
амурський/V
амхарський/V
Анадир/eg
ананьївський/V
Анапа/a
анатолійський/V
Анахайм/eg
Ангара/a
Ангарськ/eg
англоканадець/ab
англосаксонець/ab
англофільський/V
англофільство/i
англофіл/efg
англофобський/V
англофобство/i
Андалузія/a
андалузький/V
Андалусія/a
андижанський/V
Андижан/eg
Анди/o
Андріївка/a
Анкара/a
Антананаріву
Антарктика/a
антарктичний/V
Антверпен/eg
антиавстрійський/V
антимадярський/V
антимосковський/V
антипольський/V
анти/b
антіохійський/V
апачі
Апенніни/o
арабомовний/V
арабський/V
аравацький/V
арагонець/efg
арагонка/ab
арагонський/V
аральський/V
арамейський/V
арапахо
Арарат/e
аратський/V
Арденни
арзамасець/efg
арзамаський/V
Арзамас/eg
Аризона/a
Арканзас/e
Арктика/a
арктичний/V
Арлінгтон/eg
Армавір/e
Армянськ/eg
арнаутка/ab
арнаутський/V
арнаут/efg
артемівський/V
арумунський/V
архангельський/V
Архангельськ/eg
Асканія/a
Асмара/a
ассамський/V
Астана/a
астраханський/V
Астрахань/i
астурійський/V
Астурія/a
Асуан/eg
Асунсьйон/eg
атапаський/V
Атлантида/a
Атлантика/a
Аустерліц/eg
афгано-пакистанський/V
Афіни/o
афінський/V
афінянин/efj
афінянка/ab
африканізація/a
африканістка/ab
африканс/e
афро-азійський/V
афроамериканець/abc
афроамериканський/V
ахеєць
ахейці/b
Баварія/a
баварський/V
багдадський/V
Багдад/eg
Баден-Баден/eg
баденський/V
Баден/eg
базельський/V
Базель/eg
байкальський/V
Байкал/e
Байконур/e
Байонна/a
бакинець/abc
бакинський/V
Баккара/a
балаклавський/V
балканський/V
Балтика/a
балтиморський/V
Балтимор/eg
балти/b
балтієць/abc
балтійський/V
балто-слов'янський/V
балтський/V
Балхаш/eg
Бангкок/eg
Баранівка/a
Баренців/U
Баришівка/a
барнаулець/ab
барнаульський/V
Барнаул/eg
Барселона/a
барселонський/V
баскський/V
Басра/a
Батумі
батумський/V
Батурин/eg
Баффало
бахмацький/V
бахчисарайський/V
Бахчисарай/eg
Башкирія/a
башкирський/V
бейрутський/V
Бейрут/eg
бєлгородський/V
Бєлгород/eg
белградський/V
Белград/eg
Бєлорєцьк/eg
Белфаст/eg
бенгалець/abc
Бенгалія/a
бенгальський/V
бенедиктинець/abc
берберський/V
бербер/efg
бердичівський/V
бердянський/V
берестейський/V
берестецький/V
Берклі
берлінський/V
Берлін/eg
бернський/V
Берн/eg
бесарабський/V
Бессарабія/a
биківнянський/V
Биківня/a
Бистриця/a
Бівертон/eg
Бійськ/eg
біколи
бікольський/V
Більбао
Білгород-Дністровський/V
білгородський/V
Білгород/eg
біловезький/V
білогірський/V
біломорський/V
Білопілля/i
білорусизація/a
Білосток/eg
білоцерківський/V
бірманець/abc
бірманський/V
Бірма/a
Бірмінгем/eg
біробіджанський/V
Біробіджан/eg
біхарець/abc
біхарі
Бішкек/e
Благовєщенськ/eg
бобруйський/V
Бобруйськ/eg
Богемія/a
Богота/a
Бодайбо
болгаризм/e
болградський/V
болонський/V
Болонья/a
бомбейський/V
Бомбей/eg
боннський/V
Бордертаун/eg
бордоський/V
Борзна/a
борзнянський/V
бориславський/V
борисовський/V
бориспільський/V
Борисфен/eg
Бородянка/a
бородянський/V
Бортничі/b
борщагівський/V
бостонський/V
Бостон/eg
босфорський/V
Босфор/e
Боулдер/eg
Боярка/a
Браззавіль/eg
Брайтон/eg
бранденбурзький/V
братиславський/V
Братськ/eg
Брахмапутра/a
брацлавський/V
Брацлавщина/a
бременський/V
Бремен/eg
брестський/V
Брест/eg
бретонець/ab
бретонський/V
бристольський/V
Бристоль/eg
брит/efg
Брісбен/eg
Бровари/b
броварський/V
Бродвей/eg
Бруклін/eg
брюссельський/V
Брюссель/eg
брянський/V
Брянськ/eg
Бугульма/a
Буг/e
будапештський/V
Будапешт/eg
буджацький/V
будьонівський/V
Буенос-Айрес/eg
бузький/V
букмол
Буковина/a
буковинець/abc
булонський/V
бундесверівський/V
Бургундія/a
буряти/b
бурятський/V
бутирський/V
Бухара/a
бухарестський/V
Бухарест/eg
бухарець/abc
бухарський/V
вавилонський/V
вавилонянин/efg
вавилонянка/ab
Вавилон/eg
вагри/b
Вайомінг/e
валахи/b
Валдай/e
валенсієць/abc
валенсійка/ab
валенсійський/V
Валлетта/a
валлонка/ab
валлонський/V
валлон/efg
Ванкувер/eg
ваньямвезі
Варварівка/a
Варна/a
варненський/V
Варшава/a
варшавський/V
Василівка/a
васильківський/V
васуахілі
Ватерлоо
ватутінський/V
вашингтонець/abc
вашингтонка/ab
вашингтонський/V
Вашингтон/eg
Везувій/e
веймарський/V
венеціанець/abc
венеціанка/ab
венеціанський/V
венеційський/V
Венеція/a
вепси/b
вепський/V
Вербівка/a
Вермонт/eg
веронський/V
версалець/abc
версальський/V
Версаль/eg
верхньодніпровський/V
верхньолужицький/V
верхньонімецький/V
верхоянський/V
вестгот/efg
вест-індський/V
вестмінстерський/V
Вестмінстер/eg
вестфальський/V
вестфал/efg
Виборг/ego
виборзький/V
Видубицький/V
Вижниця/a
вишгородський/V
Вишгород/eg
вишнівецький/V
віденський/V
Відень/ac
візантієць/abc
візантійський/V
Візантія/a
вільнюський/V
Вільнюс/eg
Віндзор/eg
вінницький/V
Вінниця/a
вінничанин/efg
вінничанка/ab
Вінниччина/a
Вінніпег/eg
вінчестерський/V
Вірджинія/a
Вісла/a
вітебський/V
Вітебськ/eg
Владивосток/ego
владивостоцький/V
Внуково
внуковський/V
вознесенський/V
Волга/a
волгоградський/V
Волгоград/eg
волгодонський/V
Волгодонськ/eg
волжанин/eg
волзький/V
волинський/V
волинянин/ejg
Волинь/i
Волнат-Крік/eo
волноваський/V
Волноваха/a
Воловець/ac
Вологда/a
вологодський/V
володарський/V
володарсько-волинський/V
Володимир-Волинський/i
володимирецький/V
Володимирівка/a
володимирівський/V
волох/efg
Вольфсбург/eg
Воркута/a
воркутинський/V
Воронеж/eg
воронезький/V
воронізький/V
Ворскла/a
вроцлавський/V
Вроцлав/eg
вюртемберзький/V
вяземський/V
Вязьма/a
В'ятка/a
в'ятський/V
Гаага/a
гаазький/V
гаваєць/abc
гавайський/V
Гавана/a
гаванець/abc
гаванка/ab
гаванський/V
гагауз/efg
гагринський/V
гадяцький/V
гаельський/V
Газа/a
Гайдарабад/eg
галапагоський/V
Галапагос/e
Галвестон/eg
галицький/V
галицько-волинський/V
галичанин/ej
Галичина/a
Галілея/a
гал/efg
Гамбург/ego
гамбурзький/V
Ганг/e
ганда/a
Ганновер/eg
гарвардський/V
Гарвард/eg
Гарлем/eg
Гатчина/a
Гвадалахара/a
гварані
гданський/V
Гданськ/eg
Геленджик/eg
гельсінський/V
генічеський/V
Генічеськ/eg
генуезець/abc
генуезький/V
Генуя/a
гереро
гессенський/V
Гетеборг/eg
гетеборзький/V
Геттінген/eg
гжельський/V
гімалайський/V
гінді
гіндустанець/abc
Глазго
глинський/V
Глинськ/eg
глухівський/V
Гобі
Говерла/a
голлівудський/V
Голлівуд/eg
голосіївський/V
гомельський/V
Гомель/eg
Гонолулу
Горький/i
горьківський/V
Горлівка/a
горлівський/V
горохівський/V
гостомельський/V
готландський/V
грабовець/abc
Гранада/a
греко-латинський/V
Гренобль/eg
гринвіцький/V
Гринвіч/eg
гродненський/V
Гродно
грозненський/V
ГУАМ
гуарані
гуджараті
гуджар/efg
гунський/V
гун/efg
гурзуфський/V
гурієць/abc
гурійка/ab
гурійський/V
гурмукхі
гуцулка/ab
давньоанглійський/V
давньоверхньонімецький/V
давньогерманський/V
давньогрецький/V
давньоєврейський/V
давньоєгипетський/V
давньоірландський/V
давньоіталійський/V
давньонорвезький/V
давньоперський/V
давньопровансальський/V
давньоримський/V
давньоруський/V
давньосаксонський/V
давньосирійський/V
давньоскандинавський/V
давньоугорський/V
давньоукраїнський/V
давньофранцузький/V
Давос/e
дагестанка/ab
дагестанський/V
Дагестан/e
дагомеєць/abc
дагомейка/ab
дагомейський/V
Дакар/eg
Дакка/a
Дакота/a
Даллас/eg
дамаський/V
Дамаск/eg
данаєць/abc
даоський/V
даргинець/abc
даргинка/ab
даргинський/V
дарданелльський/V
Дармштадт/eg
дарницький/V
Дарниця/a
Даугава/a
Дахау
Двіна/a
Девенпорт/eg
делаварський/V
делавар/eg
Делавер/e
Делі
делійський/V
Деміївський/V
Денвер/eg
деревлянин/ejg
Десна/a
деснянський/V
деснянсько-старогутський/V
детройтський/V
Детройт/eg
Джакарта/a
джанкойський/V
Джанкой/eg
Джезказган/eg
Джеймстаун/eg
Джомолунгма/a
Джорджтаун/eg
димерський/V
Діжон/eg
Дмитрівка/a
дніпровський/V
дніпродзержинський/V
Дніпродзержинськ/eg
дніпропетровський/V
Дніпропетровськ/eg
Дніпропетровщина/a
Дніпро/ei
дніпрянський/V
Дністер/ac
дністровський/V
дністрянський/V
Добропілля/i
Домодєдово
донбасівський/V
донбаський/V
Донбас/e
донецький/V
Донецьк/eg
Донець/abc
донеччанин/eg
Донеччина/a
донський/V
дончак/efg
доричний/V
дорієць/abc
дорогожицький/V
Дорогожичі/b
дравідійський/V
древлянин/ejg
древлянський/V
дрезденський/V
Дрезден/eg
дрогобицький/V
Дрогобич/eg
Дуала
Дубаї
дублінський/V
Дублін/eg
Дубна/a
Дубровиця/a
Дувр/eg
дунайський/V
Дунай/e
дунганка/ab
дунганський/V
Душанбе
душанбінський/V
Дюнкерк/eg
еве
евенк/efg
Еверест/eg
євпаторієць/abc
євпаторійський/V
Євпаторія/a
євроазійський/V
Євросоюз/e
Євфрат/e
егейський/V
Единбург/ego
единбуржець/abc
единбурзький/V
Едмонтон/eg
Єкатеринбург/eg
еламський/V
єланецький/V
Ельба/a
Ельбрус/e
Єлець/a
ельзасець/abc
ельзаска/ab
ельзаський/V
ельзас-лотаринзький/V
Еліста/a
Еллада/a
Ель-Пасо
єнакіївський/V
Енергодар/e
енецький/V
енець/abc
єнісейський/V
Єнісей/e
еолієць/abc
еолійський/V
єреванський/V
Єреван/eg
ерзянин/efg
ерзянка/ab
ерзянський/V
ерзя/a
єрусалимський/V
Єрусалим/eg
Єсентуки/b
єсентуцький/V
ест/efg
Етна/a
жашківський/V
желєзноводський/V
Женева/a
женевський/V
жигулівський/V
Жилянська/i
житомирець/abc
житомирський/V
житомирянин/efg
Житомир/eg
Жмеринка/a
жмеринський/V
Жовква/a
жовтоводський/V
жулянський/V
заальпійський/V
забайкалець/abc
забайкальський/V
забалканський/V
забузький/V
Загорськ/eg
загребець/abc
загребський/V
Загреб/eg
задеснянський/V
задніпровський/V
задніпрянський/V
задунаєць/abc
Закавказзя/i
закарпатець/abc
закарпатський/V
Закарпаття/i
Зальцбург/eo
зальцбурзький/V
Замбезі
замоскворєцький/V
занде
Запоріжжя/i
запорізький/V
запорозький/V
західноавстралійський/V
західноамериканський/V
західнонімецький/V
західносибірський/V
західноукраїнський/V
збруцький/V
Звенигородка/a
звенигородський/V
Звенигород/eg
здолбунівський/V
Зеленоград/eg
Знам'янка/a
Золотоворітський/V
Золотоноша/a
зулу
зулуський/V
іберієць/abc
іберійсько-кавказький/V
іваничівський/V
іванівський/V
Іваново
івано-франківський/V
Івано-Франківськ/eg
ігбо
іжевський/V
Іжевськ/eg
Ізмаїл/eg
ізюмський/V
ізяславський/V
Іллінойс/e
Іллічівка/a
Ільмень/e
інгулецький/V
інгуський/V
Індигірка/a
Індіанаполіс/eg
Індіана/a
індоєвропейський/V
індокитайський/V
Індокитай/e
Індостан/e
інкерманський/V
Інта/a
інуктитут
іркутський/V
Іркутськ/eg
ірпінський/V
Ірпінь/a
Іртиш/eg
іршавський/V
Ісламабад/eg
Істра/a
Ісфаган/eg
ічкерійський/V
Ічкерія/a
ічнянський/V
Ічня/a
Йоганнесбург/ego
Йокогама/a
Йордан/e
йоркширський/V
Йоркшир/efg
Йорк/eg
йоруба
Йосипівка/a
Йошкар-Ола/a
кабардинець/abc
кабардинський/V
кабульський/V
Кабул/eg
Кавказ/e
кагарлицький/V
казанський/V
Казань/i
Казбек/e
каїрський/V
Каїр/eg
каймановий/V
каланчацький/V
Калахарі
Калгарі
Калімантан/eg
Калінінград/eg
каліфорнійський/V
Каліфорнія/a
Калькутта/a
калмик/efg
калмицький/V
калмичка/ab
Калуга/a
калузький/V
Кама/a
камба
Камінь-Каширський/i
Кампучія/a
камський/V
Камчатка/a
камчатський/V
кам'янець-подільський/V
Канаверал
канарський/V
Канберра/a
Канзас/eg
канівський/V
Канкун/eg
каннський/V
канурі
Капрі
карабаський/V
Карабах/e
Караганда/a
карагандинський/V
карадазький/V
караїмський/V
караїм/efg
Каракас/eg
Каракуми/b
каракумський/V
карачаєво-балкарський/V
карачаївець/abc
Карелія/a
карельський/V
карел/efg
Карлівка/a
Карлсбад/eg
Кароліна/a
карпатець/abc
Карпати/o
карпатський/V
Карпилівка/a
каспійський/V
каталонець/abc
Катеринівка/a
катеринопільський/V
катеринославський/V
Катманду
Катовіце
каунаський/V
Каунас/eg
Кафа/a
кахетинський/V
Каховка/a
каховський/V
кашмірський/V
кашубський/V
Квебек/eo
Кейптаун/eg
Кельн/eg
кембриджський/V
Кембридж/eg
Кемерово
кемеровський/V
Кенігсберг/eg
кенігсберзький/V
Кентербері
Кентуккі
Керч/i
кечуа
Києво-Могилянська/i
Києво-Печерський/V
києво-печерський/V
києво-святошинський/V
Кизил/eg
Київ-пасажирський/V
київський/V
Київ-товарний/V
Київщина/a
Київ/acd
кирилівський/V
кисловодський/V
Кисловодськ/eg
китайсько-тибетський/V
кишинівський/V
ківерцівський/V
кікуйю
Кіліманджаро
кімбунду
кімерієць/abc
Кінешма/a
Кіншаса/a
Кіото
кіотський/V
кіровоградець/abc
кіровоградський/V
Кіровоградщина/a
Кіровоград/eg
кіровський/V
Кіров/eg
Кіто
Клайпеда/a
кловський/V
Клязьма/a
Кобе
ковельський/V
Ковель/eg
козелецький/V
козятинський/V
Колима/a
Коломбо
коломенський/V
Коломия/a
Коломна/a
Колорадо
Колумбус/eg
Комі
Коморські/j
комунарський/V
Коннектикут/e
конотопець/abc
конотопський/V
Конотоп/eg
Консепсьйон/eg
константинопольський/V
Константинополь/eg
копенгагенський/V
Копенгаген/eg
коптський/V
коринфський/V
Королівка/a
коростенський/V
коростишівський/V
корсиканець/abc
корсиканський/V
Корсика/a
корсунь-шевченківський/V
Косово/i
костопільський/V
Кострома/a
костромський/V
костянтинівський/V
Котлас/eg
краківець/abc
краківський/V
Краків/ac
краматорський/V
краснодарський/V
Краснодар/eg
краснодонський/V
красноперекопський/V
Краснопілля/i
красноярський/V
Красноярськ/eg
Кременчук/eg
кременчуцький/V
креолка/ab
креольський/V
креол/efg
криворіжець/abc
Криворіжжя/i
криворізький/V
крижопільський/V
кримський/V
кримськотатарський/V
Крим/e
критський/V
Крит/eg
кролевецький/V
кронштадтський/V
Кронштадт/eg
Куала-Лумпур
кубанський/V
Кубань/i
кузбасівський/V
Кузбас/e
кумицький/V
Кунашир/eg
Кура/a
Курдистан/eg
курдський/V
курд/efg
куренівський/V
курильський/V
курський/V
Курськ/eg
кустанайський/V
Кустанай/eg
Кутаїсі
кутаїський/V
кхароштхи
кхмерський/V
кхмер/efg
кхоса
Кюрасао
Кюсю
ланкастерський/V
лапландський/V
Лаптєвих
львівський/V
Львівщина/a
львів'янин/ejg
Львів/ac
Льєж/eg
лезгинка/ab
лезгинський/V
лезгин/efg
лейденський/V
Лейден/eg
Лейпциг/ego
лемки/b
лемко/i
ленінградець/abc
ленінградський/V
Ленінград/eg
Леон/eg
Липецьк/eg
лисичанський/V
Лівадія/a
лівансько-ізраїльський/V
ліверпулець/abc
ліверпульський/V
Ліверпуль/eg
Ліма/a
Лімож/eg
Лімпопо
лімський/V
ліонський/V
Ліон/eg
лісабонський/V
Лісабон/eg
лодзинський/V
Лодзь/eg
Лозанна/a
лозаннський/V
лондонець/abc
лондонський/V
Лондон/eg
Лос-Анджелес/eg
Лось/eg
Лотарингія/a
лотаринзький/V
Луанда/a
Луара/a
луганець/abc
луганський/V
Луганськ/eg
Луганщина/a
лужицький/V
Луїзіана/a
лук'янівський/V
луцький/V
Луцьк/eg
Лхаса/a
любешівський/V
люблінський/V
любомльський/V
магаданський/V
Магадан/eg
Магдебург/eg
магдебурзький/V
Магнітогорськ/eg
Мадейра/a
Мадрас/eg
мадридський/V
Мадрид/eg
мадурський/V
Мазатлан/eg
Майкоп/eg
Майнц/eg
Майорка/a
майя
макарівський/V
макасарський/V
Макіївка/a
макіївський/V
малагасійський/V
малаялам
Манагуа
маневицький/V
Маніла/a
манільський/V
маніпурі
Манітоба/a
манчестерський/V
Манчестер/eg
Маньчжурія/a
маньчжурський/V
маорі
Мапуту
маратхі
Марбург/eg
маріїнський/V
маріуполець/abc
маріупольський/V
Маріуполь/eg
Маркізькі/j
марсельський/V
Марсель/eg
Мар'янівка/a
масандрівський/V
Массачусетс/eg
Махачкала/a
Маямі
Мекка/a
Меконг/eg
Мельбурн/eg
мелітопольський/V
Мелітополь/eg
Мемфіс/eg
Мен
Меріленд/e
Мехіко
миколаївець/abc
Миколаївка/a
миколаївський/V
Миколаївщина/a
Миколаїв/acd
Миргород/eg
Миронівка/a
Михайлівка/a
михайлівський/V
міланець/abc
міланський/V
Мілан/eg
Мілуокі
Міннеаполіс/eg
Міннесота/a
мінський/V
Мінськ/eg
Мінусінськ/eg
Міссісіпі
Міссурі
Могилів
могилів-подільський/V
могилівський/V
Можайськ/eg
мокша/a
Монблан/e
монго
монголознавець/abc
монголоїдний/V
Монпельє
монреальський/V
Монреаль/eg
Монровія/a
Монтана/a
Монтевідео
Монте-Карло
Монтерей/eg
моравець/abc
Моравія/a
моравський/V
мордовський/V
Морія/a
Москва/a
Московія/a
московський/V
мостиський/V
мукачівський/V
мунда
мурманський/V
Мурманськ/eg
Муром/eg
мюнхенський/V
Мюнхен/eg
Наблус/eg
Наварра/a
навахо
Нагасакі
наддніпрянський/V
наддністрянський/V
Назрань/i
Найробі
Нальчик/eg
Наманган/eg
Нансі
Нант/eg
Нарва/a
Насау
ндонга
неаполітанець/abc
неаполітанський/V
неапольський/V
Неаполь/eg
Небраска/a
Невада/a
невари/b
Нева/a
невський/V
недашківський/V
немирівський/V
Нерюнгрі
нижньогородський/V
нижньодніпровський/V
нижньодністровський/V
нижньолужицький/V
нижньонімецький/V
нижньосаксонський/V
Ніагара/a
ніагарський/V
ніло-сахарський/V
нільський/V
Ніл/eg
Німан/e
німецько-український/V
Ніцца/a
новгородський/V
Новгород/eg
новобузький/V
Новогродівка/a
новокаховський/V
новокраматорський/V
новокриворізький/V
Новокузнецьк/eg
Новомиколаївка/a
новоолександрівський/V
новоолексіївський/V
Новоросійськ/eg
Новоселиця/a
новосибірський/V
Новосибірськ/eg
новотроїцький/V
Новоукраїнка/a
Новочеркаськ/eg
ногаєць/abc
Норильськ/eg
нормандець/abc
нормандський/V
норманський/V
норман/efg
нортумберлендський/V
нубієць/abc
Нукус/eg
нумідійський/V
Нью-Делі
Нью-Джерсі
нью-йоркський/V
Нью-Йорк/eg
Ньюкасл/eg
Нью-Мексико
нюношк
Ньюпорт/eg
Нюрнберг/eg
нюрнберзький/V
ньюфаундлендський/V
ньямвезі
ОАЕ
Об
Обнінськ/eg
оболонський/V
обухівський/V
овідіопольський/V
овруцький/V
Огайо
огамічний/V
Одер/e
Одеса/a
одеський/V
Одещина/a
Океанія/a
Окінава/a
Оклахома/a
Окленд/eg
оксфордський/V
Оксфорд/eg
Олбані
олевський/V
Олександрівка/a
Олександрія/a
Олексіївка/a
омський/V
Омськ/eg
Онега/a
онезький/V
Онтаріо
Орегон/e
Оренбург/ego
оренбурзький/V
орія/a
Орландо
Орлеан/eg
орловський/V
оромо
Орськ/eg
орхонський/V
Осака/a
Освего
осетинський/V
осетин/efg
Осетія/a
Осло
Останкіно
останкінський/V
остгот/efg
отомі
Оттава/a
Охотське
Охтирка/a
охтирський/V
очаківський/V
Очаків/ac
Павлівка/a
Павловськ/eg
павлоградський/V
Павлодар/eg
Падуя/a
Палермо
палестинка/a
палестино-ізраїльський/V
Памір
пампангани/b
пампанганський/V
пангасинани/b
пангасинанський/V
панджабі
панджабський/V
Папуа
Париж/eg
паризький/V
Парма/a
патагонський/V
пекінський/V
Пекін/eg
Пенза/a
Пенсакола/a
Пенсильванія/a
перекопський/V
перемишлянський/V
Перемишль/eg
пермський/V
перси/b
персіянка/a
перс/eg
Перуджа/a
Петербург/ego
петербурзький/V
Петроград/eg
Петрозаводськ/eg
петропавлівський/V
Петропавловськ/eg
печенізький/V
Печерський/V
печерський/V
Печерськ/eg
Печора/a
печорський/V
Писарівка/a
південноалтайський/V
південноамериканський/V
південноафриканець/abc
південноафриканський/V
південнобузький/V
південноєвропейський/V
південнокримський/V
південноосетинський/V
південноподільський/V
південноросійський/V
південноукраїнський/V
північноамериканський/V
північнокорейський/V
північноморський/V
північноросійський/V
північноукраїнський/V
Підляшшя/i
підмосковний/V
Підмосков'я/i
пітерський/V
Пітсбург/eg
Піцунда/a
Плімут/eg
Пномпень/eg
Поволжя/i
поволзький/V
подільський/V
Подніпров'я/i
Подольськ/eg
подолянин/ejgh
познанський/V
Познань/i
Поліський/V
полоцький/V
польсько-український/V
Полтава/a
полтавський/V
Полтавщина/a
Потсдам/eg
Прага/a
празький/V
пракритський/V
пракрит/e
преторіанський/V
Преторія/a
Приазов'я/i
Прибалтика/a
прибалтійський/V
прибалт/efg
приволзький/V
придніпровський/V
Придніпров'я/i
придністровський/V
Придністров'я/i
придунайський/V
прикарпатський/V
Прикарпаття/i
прилуцький/V
Прип'ять/i
Приуралля/i
причорноморський/V
Причорномор'я/i
провансалець/abc
Протасів/V
Пруссія/a
псковський/V
Псков/eg
пунічний/V
Пусан/eg
путивльський/V
пушту
Пущино
Пхеньян/eg
П'ятигорськ/eg
п'ятихатський/V
раджастані
раджастанський/V
радомишльський/V
Редвуд-Сіті
Редінг/eg
Рейк'явік/eg
Реймс/eg
рейнський/V
Рейн/e
ренійський/V
ржищівський/V
Рибінськ/eg
Рига/a
ризький/V
римський/V
Рим/eg
Ричмонд/eg
рівенський/V
рівненський/V
Рівненщина/a
Ріно
Ріо-Гранде
Ріо-Негро
рогатинський/V
родоський/V
Родос/eg
рожищенський/V
романський/V
Рона/a
російсько-білоруський/V
російсько-український/V
ростовський/V
Ростов/eg
Роттердам/eg
Руан/eg
рунді
Русь/i
рязанський/V
Рязань/i
саамський/V
саам/efg
Саарбрюккен/eg
савойський/V
Сайгон/eg
Сакраменто
Саксонія/a
сакс/efg
Салехард/eg
Самара/a
самаритянин/ejg
самаритянський/V
Самарканд/eg
самарський/V
Самбір/a
Сан-Антоніо
Сан-Вінсенте
Сан-Дієго
Санкт-Петербург/ego
Сан-Леандро
Сан-Лоренцо
Сан-Матео
Сан-Паулу
Санто-Домінго
Сантьяго
Сан-Франциско
сапотецький/V
Саппоро
Сараєво
Саранськ/eg
саратовський/V
Саратов/eg
саргасовий/V
сардинець/abc
Сардинія/a
сардинський/V
Сарматія/a
сармат/efg
сарненський/V
сасаки/b
сахалінський/V
Сахалінськ/eg
Сахалін/e
свазі
свердловський/V
Свердловськ/eg
світловодський/V
Світловодськ/eg
Севан/eg
севастопольський/V
Севастополь/eg
Сєвєродвінськ/eg
Сєвєроморськ/eg
севільський/V
Севілья/a
севрський/V
Сеговія/a
Селенга/a
селькупський/V
Семенівка/a
Семипалатинськ/eg
Сена/a
сербсько-хорватський/V
Сергіївка/a
Середземний/V
Середземномор'я/i
середньоазійський/V
середньоанглійський/V
середньоверхньонімецький/V
середньоірландський/V
середньонідерландський/V
середньоросійський/V
середньофранцузький/V
серер/eg
Серпухов/eg
Сеул/eg
сибірський/V
Сибір/e
сиваський/V
Сиваш/eg
Сизрань/i
Сиктивкар/eg
сингалезький/V
сингалез/eg
сингалець/abc
сингальський/V
синдхський/V
синдх/efg
Синевир/eg
Сирдар'я/a
сицилієць/abc
сицилійка/ab
сицилійський/V
Сицилія/a
Сичуань
сичуанський/V
сіамець/abc
Сіверщина/a
сіверянин/efj
сідамо
сіднейський/V
Сідней/eg
Сіетл/eg
Сілезія/a
сімферопольський/V
Сімферополь/eg
Сіракузи/o
сіу
скадовський/V
Скандинавія/a
скандинавський/V
Скоп'є
славутицький/V
Слобожанщина/a
слов'яносербський/V
смоленський/V
Смоленськ/eg
СНД
согдійський/V
сокальський/V
сомалі
сонгаї/b
сонінке
Сорочинський/V
Соснівка/a
сото
Софіївка/a
софіївський/V
софійський/V
Софія/a
сочинський/V
Сочі
Спрингфілд/eg
СРСР
ставропольський/V
Ставрополь/eg
стамбульський/V
Стамбул/eg
староанглійський/V
старокиївський/V
староміський/V
старосаксонський/V
старосирійський/V
Стаффорд/eg
стокгольмський/V
Стокгольм/eg
Страсбург/eg
стрийський/V
суахілі
суахілійський/V
субальпійський/V
судацький/V
суецький/V
Суец/eg
суздальський/V
Суздаль/eg
Суматра/a
сумський/V
Сумщина/a
сунданський/V
Сургут/eg
сусу
Сухумі
сухумський/V
східносередземноморський/V
східноукраїнський/V
Таврія/a
тагальський/V
Таганрог/ego
Тагіл/e
Таїті
таїтянський/V
Таймир/e
Таллінн/eg
тамашек/eg
тамбовський/V
Тамбов/eg
тамільський/V
Тампа/a
Тампіко
Танганьїка/a
Танжер/eg
Тарасівка/a
Тараща/a
тарутинський/V
Тасманія/a
татарбунарський/V
татарин/ejgh
татарка/ab
татарський/V
Ташкент/eg
Тбілісі
тбіліський/V
Твер
тві
Тегеран/eg
Телугу
Темза/a
Теміртау
Теннессі
Теплодар/eg
тернопільський/V
Тернопільщина/a
Тернопіль/eg
тетерівський/V
техаський/V
Техас/eg
тибетець/abc
тибетський/V
Тибет/e
тигринья/a
Тирасполь/eg
тиролець/abc
тихоокеанський/V
Тіволі
тів/eg
Тіксі
Тітікака/a
Тіхуана/a
Тобольськ/eg
токайський/V
токійський/V
Токіо
Толедо
тольтеки/b
Тольятті
томський/V
Томськ/eg
Торонто
тосканець/abc
тосканський/V
трипілець/abc
Триполі
Трієст/eg
Троєщина/a
Троїцьк/eg
тростянецький/V
Тростянець/ac
Троя/a
Трускавець/ac
тсвана
тсонга
Туапсе
тувинський/V
Тула/a
Тулон/eg
тульський/V
Тулуза/a
тулузький/V
тунгуський/V
туринський/V
Турин/eg
турівський/V
турійський/V
тутсі
тюменський/V
Тюмень/i
тюркомовний/V
тюрк/efg
Тянь-Шань
угарітський/V
Углич/eg
угри/b
удегеєць/abc
удмуртський/V
удмурт/efg
ужгородський/V
Ужгород/eg
уйгурський/V
українсько-англійський/V
українсько-російський/V
Улан-Батор/e
уманець/abc
уманський/V
Умань/i
умбри/b
уральський/V
Урал/e
урартський/V
Ургенч/eg
урду
Уренгой/eg
успенський/V
Уфа/a
Ухта/a
Фастівський/V
Федорівка/a
феодосійський/V
Феодосія/a
Фергана/a
Фіви/b
Філадельфія/a
філістимлянин/ejg
фінікієць/abc
фінікійка/ab
фінікійський/V
фінікіянка/ab
фінляндець/abc
фіно-угорський/V
фіно-угри/b
фіно-угрознавство/i
флорентієць/abc
флорентійський/V
Флоренція/a
Флорида/a
фракієць/abc
фракійський/V
франкфуртський/V
Франкфурт/eg
Фредеріксбург/eg
Фресно
фризький/V
Фудзіяма/a
хабаровський/V
Хабаровськ/eg
хамітський/V
Ханой/eg
Ханти-Мансійськ/eg
Харбін/eg
харківський/V
Харківщина/a
харків'янин/ejg
Харків/ac
Хатанга/a
Хеврон/eg
Херсонес/eg
херсонець/abc
херсонський/V
Херсонщина/a
Херсон/eg
Хібіни/o
Хіросіма/a
хмельницький/V
Хмельниччина/a
хозар/efg
Хоккайдо
Хонсю
хортицький/V
Хортиця/a
Хрещатик/eg
Христинівка/a
Х'юстон/eg
Цейлон/e
центральноєвропейський/V
Цинциннаті
Цусіма/a
Цхінвалі
Цюрих/eg
цюрупинський/V
Чарлстон/eg
Чатем
Чебоксари/o
челябінський/V
Челябінськ/eg
червоноградський/V
Черемушки/b
Череповець/a
черкаський/V
Черкащина/a
чернівецький/V
Чернівці/b
чернігівець/abc
чернігівський/V
Чернігівщина/a
Чернігів/acd
черокі
Честер/eg
чехословацький/V
чеченський/V
Чечня/a
Чешир/e
чжуан
Чигирин/eg
Чикаго
чиказький/V
Чимкент/eg
чинук/efg
Чита/a
чорнобаївський/V
чорнобилець/abc
чорнобильський/V
Чорнобиль/eg
чорноморець/abc
чорноморський/V
чортківський/V
чугуївський/V
Чугуїв/acd
чудь/i
Чукотка/a
чукотський/V
Шанхай/eg
шацький/V
Шебелинка/a
Шепетівка/a
Шеффілд/eg
шиїтський/V
Шостка/a
Шпіцберген/eg
Штутгарт/eg
шумери/b
шумеро-вавилонський/V
шумерський/V
Щецин/eg
Юкатан/e
юр'ївський/V
Юрмала/a
Юта/a
Ютландія/a
Яблунівка/a
яванець/abc
яванський/V
Ява/a
яготинський/V
Якутія/a
якутський/V
Якутськ/eg
Ялта/a
ялтинський/V
ямпільський/V
Янцзи
Ярославль/eg
ярославський/V
ясинуватський/V
Яуза/a
