алегретто adv
грунтований/VZ ^adjp:pasv:past
грунтовий/V
грунтовний/VW
грунтовність/l
грунтовніший/VY
грунтувати/ABGHOPW :imperf
грунт/ef
зберігтись verb:rev:inf:perf
зберігтися verb:rev:inf:perf
зберігти verb:inf:perf
згвалтування/ij
згвалтувати/A0 :perf
локоть/ab
обгрунтований/VZW ^adjp:pasv:past
обгрунтованість/l
обгрунтовувати/ABGHOP :imperf
обгрунтування/ij
обгрунтувати/AB0 :perf
підгрунтя/i
прихватизатор/efgh<
прихватизація/a
прихватизувати/AB0 :perf
п'яніна/a
совєти/f
совєцький/V
совіти/f
фортеп'яна/ab
