абазія/a
абдуктор/eg
абулія/a
автогемотерапія/a
автопсія/ab
агранулоцитоз/e
агранулоцит/e
адаптоген/ef
аденіт/e
аденовірус/ef
аденоїдний/V
аденомний/V
актин/ef
альвеолярно-капілярний/V
альдостерон/ef
алергологічний/V
алопеція/a
анамнестичний/V
анестезист/efg
анестетик/efg
анкілоз/e
анорексія/a
аноректальний/V
антиангінальний/V
антиастматичний/V
антибіотикопрофілактика/ab
антибіотикорезистентність/l
антибіотикостійкий/V
антибіотикотерапія/ab
антигемофільний/V
антидіабетичний/V
антиперистальтика/a
антиперистальтичний/V
антиподагричний/V
антирахітичний/V
антиревматичний/V
антисклеротичний/V
аортовий/V
арахноїдит/ef
артеріовенозний/V
асистолічний/V
асистолія/a
аспермія/a
атаксія/a
атріовентрикулярний/V
аутизм/ef
аферентний/V
ацетилхолін/e
базедовий/V
базедовізм/e
базедовіфікація/a
бактеріовловлювач/efg
балістокардіограма/ab
балістокардіографічний/V
балістокардіографія/a
балістокардіограф/efg
бальнеогрязелікарня/ab
бальнеогрязелікувальний/V
бальнеогрязелікування/i
бальнеогрязьовий/V
бальнеолікарня/ab
бальнеолікування/i
бальнеотерапевтичний/V
бальнеотехнік/efg
бальнеотехнічний/V
барагнозія/a
баралгін/e
барифонія/a
бароотит/e
батианестезія/a
безноїтіоз/e
бергманівський/V
бері-бері
білівердин/e
біолін/e
біомфалярія/a
біофлавоноїди/b
бісиноз/e
бісистолія/a
бронхо-легеневий/V
бульбіт/e
бульботомія/a
бурсектомія/a
бурсографія/a
бурсоліт/e
буфтальм/eg
вагінальний/V
вагіна/ab
вагінектомія/a
вагінізм/e
вагініт/e
вагіно-везикальний/V
вагінографія/ab
вагінограф/efg
вагінопексія/a
вагіноперитонеальний/V
вагіноскопія/a
вагіноскоп/efg
вагінотомія/a
вагінофіксація/a
вагоневроз/e
ваготомія/a
ваготонічний/V
ваготонія/a
ваготропний/V
вагусний/V
вагус-пневмонія/a
вагус-пульс/eg
вагус/efg
вазектомія/a
вазелінодерма/a
вазовазостомія/a
вазографія/a
вазодепресія/a
вазодилататорний/V
вазодилататор/efg
вазодилатація/a
вазоепідидимостомія/a
вазокардіографія/a
вазоконстриктин/eg
вазоконстрикторний/V
вазоконстрикція/a
вазолігатура/a
вазологія/a
вазомотори/b
вазомоторний/V
вазоневроз/e
вазопатія/a
вазопресин/e
вазопунктура/a
вазорафія/a
вазорезекція/a
вазостомія/a
вазотомія/a
вазотоцин/e
вакуум-екскохлеація/a
вакуум-екстрактор/e
вакуум-екстракція/a
вакуум-електрофорез/e
вакцинія/a
вальвуліт/e
вальвулографія/a
вальвулопластика/a
вальвулотомія/a
вальвулотом/efg
вальвулярний/V
валокормід/e
варикозність/l
варикоз/e
варикоцеле
вегетоміофасцит/e
вегетоневроз/e
везанія/a
везикальний/V
везикула/ab
везикуліт/e
везикулограма/a
везикулографія/a
везикулоектомія/a
везикулотомія/a
везикулярний/V
векордія/a
великоголінковий/V
великогомілковий/V
венектазія/a
венектомія/a
венепункція/a
венизація/a
венокавографія/a
венопункція/a
веносекція/a
веноспондилографія/a
венотомія/a
вентрикуліт/e
вентрикулоатріостомія/a
вентрикулоауриколостомія/a
вентрикулографія/a
вентрикулокавостомія/a
вентрикуломастоїдостомія/a
вентрикулоперитонеостомія/a
вентрикулопункція/a
вентрикулосептопексія/a
вентрикулосканування/i
вентрикулоскопія/a
вентрикулоскоп/efg
вентрикулостомія/a
вентрикулосцинтиграфія/a
вентрикулотомія/a
вентрикулоуретеростомія/a
вентрикулоцистерностомія/a
вентрикулоюгулостомія/a
вентрикулярний/V
вентроскопія/a
вентросуспензія/a
вентрофіксація/a
вертебральний/V
вертебрологічний/V
вертебрологія/a
вертебролог/efg
вертицильоз/e
верукозний/V
вестибуліт/e
вестибулометрія/a
вестибулопатія/a
вестибулорецептори/b
випітний/V
випіт/a
висипнотифозний/V
вискотіти/A
вівісектор/efg
вівісекційний/V
відхідниковий/V
відхідник/eg
війковий/V
війчастий/V
ВІЛ-інфекція/a
ВІЛ-інфікований/V
віскозин/e
вісцеромоторний/V
вітелогенез/e
вовчак/eg
ганглієвий/V
гастродуоденіт/e
гастроентерит/e
гастроентерологія/a
гастроентеролог/efg
гексамідин/e
гексамін/e
гематогенний/V
гематологічний/V
гематологія/a
гематорея/a
гематурія/a
геміанестезія/a
геміопія/a
геміпарез/e
гемограма/a
гемодинаміка/a
гемодіаліз/e
гемолітичний/V
гемологічний/V
гемометр/efg
геморагічний/V
гемосорбція/a
гемоспоридин/e
гемостаз/e
гемотерапія/a
гепатохолецистит/e
гепатоцит/ef
герпес/e
герпетологічний/V
герпетологія/a
герпетолог/efg
гетеротроф/efg
гідронефроз/e
гідропатичний/V
гідропатія/a
гідропат/efg
гіперосмія/a
гіпертиреоз/e
гіпотензія/a
гістамін/e
гломерулонефрит/e
гомоз/e
дакріоцистит/e
декамевіт/e
декстрокардія/a
делірій/e
деменція/a
дермоїд/eg
дермоскопія/a
дихроматичний/V
дихромат/efg
діуретик/efg
долок/eg
дуоденіт/e
езерин/e
ексудативний/V
ексудат/e
ексудація/a
еленіум/eg
елефантіаз/e
енофтальм/e
ентеробіоз/e
ентерогепатит/e
ентерокок/efg
ентероколіт/e
ентероптоз/e
ентеросептол/e
ентеротоксемія/a
епуліс/e
завушниця/a
йодизм/e
йододерма/a
йододефіцит/e
кардіоміопатія/ab
козелок/ac
колаген/e
лакунарний/V
лейкопенія/a
луковиця/a
люмбаго
медулярний/V
мейоз/e
менінгоенцефаліт/e
мієліт/e
мієлолейкоз/e
мітральний/V
муковісцидоз/e
надгортанник/eg
неврилема/a
неврома/a
нефрорагія/a
нефротом/efg
нома/a
остеопороз/e
отит/ef
офтальмоплетизмограма/ab
панарицій/e
папула/a
папульозний/V
параплегія/a
парапроктит/e
піємія/a
пластида/ab
поліноз/e
продром/e
пролапс/eg
пурпура/a
пустула/a
риніт/ef
скорбутний/V
скорбут/e
термокаутер/eg
тіофен/e
троакар/eg
тромбоцитопенія/a
фузаріоз/e
церкоспороз/e
