паяти лютувати
грохот грюкіт, гуркіт
графин карафа, карафка
грасирувати гаркавити
горстка жменька
співставляти зіставляти
співставити зіставити
тащити волокти
войлок повсть
визивати викликати
високопарність пишномовність
всесторонній всебічний
відслідкувати відстежити
добавочний додатковий
заказний замовний
зжатий стиснутий
неблагодарний невдячний
дряхлий старезний
клянчити ??
мелькнути мигнути
мудрити (мудрувати
*жати *тиснути
понятний зрозумілий
чередування чергування
відключений вимкнений
поремотувати поладити
під'єднати приєднати
шатер намет
глумління знущання
грузовік вантажівка
заговір змова
клякса ляпка пляма
госпіталь шпиталь
язичество поганство
слідуючий наступний
наслідувати успадковувати
вмішуватися втручатися
додержуватися дотримуватися
добавити додати
достоїнство гідність
казатися здаватися
об'ява оголошення
уяснити усвідомити
центробіжний відцентровий
присвоїти привласнити
злучати парувати
злучка парування, припуск
благовонний запашний пахучий
благоговіти побожно шанувати, поважати
буй,буйок поплавище,куга
булижник буковий камінь,кругляк
застінок катівня
землеробство хліборобство,рільництво
заключний прикінцевий,кінцевий,остаточний
необхідний потрібний, конче треба
пики вино
трефа жир
бубна дзвінка
черва чирви
металобрухт брухт
банкет бенкет

вишка вежа
лавка крамниця крамарня

коплений копичений
коплю копичу
банкрот банкрут
баранка бублик обарінок
бархатный оскамитовий бархавитовий
азарт запал газард
коричневий брунатний
бездна безодня
безчинство бешкет
учбовий навчальний
вотчина батьківщина, дідивщина
захват захоплення

слідуючі проблеми - такі проблеми
слідуючим чином - таким чином
слідуючим виступає - наступним виступає
приймати участь в ... - брати участь в ...
прийняв участь в ... - взяв участь в ....
самий кращий - найкращий
саме пізніше - найпізніше
прийняти міри - вжити заходів
до цих пір - досі
ніякий - жоден
ні в якому разі - у жодному разі
моє відношення до.. - моє ставлення до ....
співпадати - збігатися 
мова йде про ... - ідеться про ...
так як - оскільки, бо
у нас є ... - ми маємо ...
дві неділі - два тижні
спасати - рятувати
рахувати, що ... - вважати (гадати), що ....
настоювати на ... - наполягати на ...
він являється ... - він є ....... (адвокатом)
по-другому - інакше
само по собі - саме собою
