# Однолітерні слова
а а conj
а а part
б б part
в в pryim
є бути verb:pres:p/1/2/3
ж ж conj
ж ж part
з з pryim:rv_rod/rv_zna/rv_oru
і і conj
і і part
й й conj
й й part
о о pryim:rv_zna:rv_mis:rv_zna
у у pryim

# Займенники
я я pron:v_naz
мене я pron:v_rod/v_zna
мені я pron:v_dav/v_mis
мною я pron:v_oru

ти ти pron:v_naz
тебе ти pron:v_rod/v_zna
тобі ти pron:v_dav/v_mis
тобою ти pron:v_oru

він він pron:v_naz
його він pron:v_rod/v_zna
нього він pron:v_zna
йому він pron:v_dav
ньому він pron:v_mis
ним він pron:v_oru
нім він pron:v_mis

вона вона pron:v_naz
її вона pron:v_rod/v_zna
неї вона pron:v_zna
їй вона pron:v_dav
нею вона pron:v_oru
ній вона pron:v_mis

воно воно pron:v_naz

ми ми pron:p:v_naz
нас ми pron:p:v_rod/v_zna/v_mis
нам ми pron:p:v_dav
нами ми pron:p:v_oru

ви ви pron:p:v_naz
вас ви pron:p:v_rod/v_zna/v_mis
вам ви pron:p:v_dav
вами ви pron:p:v_oru

вони вони pron:p:v_naz
їх вони pron:p:v_rod/v_zna
них вони pron:p:v_mis
їм вони pron:p:v_dav
ними вони pron:p:v_oru

сам сам pron:m:v_naz
себе сам pron:m:v_rod/v_zna//n:v_rod/v_zna
собі сам pron:m:v_dav/v_mis//n:v_dav/v_mis
собою сам pron:m:v_oru//n:v_oru

сама сам pron:f:v_naz
саму сам pron:f:v_rod/v_zna
самій сам pron:f:v_dav/v_mis
самою сам pron:f:v_oru

саме сам pron:n:v_naz
само сам pron:n:v_naz

мій мій pron:m:v_naz
мого мій pron:m:v_rod/v_zna//n:v_rod/v_zna
моєму мій pron:m:v_dav/v_mis//n:v_dav/v_mis
моїм мій pron:m:v_oru//n:v_oru
моя мій pron:f:v_naz
моєї мій pron:f:v_rod
моєю мій pron:f:v_oru
моїй мій pron:f:v_dav/v_mis
мою мій pron:f:v_zna
моє мій pron:n:v_naz
мої мій pron:p:v_naz/v_zna
моїх мій pron:p:v_rod/v_zna/v_mis
моїми мій pron:p:v_oru

твій твій pron
твого твій pron
твоєму твій pron
твоїм твій pron
твоя твій pron
твоєю твій pron
твоєї твій pron
твоїй твій pron
твою твій pron
твоє твій pron
твої твій pron
твоїх твій pron
твоїми твій pron

свій свій pron
свого свій pron
своєму свій pron
своїм свій pron
своя свій pron
своєї свій pron
своїй свій pron
свою свій pron
своєю свій pron
своє свій pron
свої свій pron
своїх свій pron
своїми свій pron

наш наш pron
нашого наш pron
нашому наш pron
нашим наш pron
нашім наш pron
наша наш pron
нашої наш pron
нашою наш pron
нашій наш pron
нашу наш pron
наше наш pron
наші наш pron
наших наш pron
нашими наш pron

ваш ваш pron
вашого ваш pron
вашому ваш pron
вашим ваш pron
ваша ваш pron
вашої ваш pron
вашій ваш pron
вашою ваш pron
вашу ваш pron
ваше ваш pron
ваші ваш pron
вашими ваш pron
ваших ваш pron

цей цей pron
цього цей pron
цьому цей pron
цим цей pron
цім цей pron
ця цей pron
цієї цей pron
цій цей pron
цю цей pron
цією цей pron
це цей pron
ці цей pron
цих цей pron
цими цей pron

оцей оцей pron
оцього оцей pron
оцьому оцей pron
оцим оцей pron
оця оцей pron
оцієї оцей pron
оцією оцей pron
оці оцей pron
оцих оцей pron

той той pron
того той pron
тому той pron
тим той pron
тім той pron
тої той pron
тієї той pron
тій той pron
ту той pron
тією той pron
те той pron
ті той pron
тих той pron
тими той pron

отой отой pron
отого отой pron
отому отой pron
отим отой pron
отім отой pron
отої отой pron
отієї отой pron
отій отой pron
оту отой pron
отією отой pron
оте отой pron
оті отой pron
отих отой pron
отими отой pron

хто хто pron
кого хто pron
кому хто pron
ким хто pron
кім хто pron
що що pron
чого що pron
чому що pron
чим що pron
чім що pron

чий чий pron
чийого чий pron
чийому чий pron
чиєму чий pron
чиїм чий pron
чия чий pron
чиєї чий pron
чиїй чий pron
чию чий pron
чиєю чий pron
чиє чий pron
чиї чий pron
чиїх чий pron
чиїми чий pron

нічий нічий pron
нічийого нічий pron
нічийому нічий pron
нічиєму нічий pron
нічиїм нічий pron
нічия нічий pron
нічиєї нічий pron
нічиїй нічий pron
нічию нічий pron
нічиєю нічий pron
нічиє нічий pron
нічиї нічий pron
нічиїх нічий pron
нічиїми нічий pron

весь весь pron:m:v_naz/v_zna
всього весь pron:m:v_rod/v_zna//n:v_rod/v_zna
всьому весь pron:m:v_dav/v_mis//n:v_dav/v_mis
вся весь pron:f:v_naz
всієї весь pron:f:v_rod
всій весь pron:f:v_dav/v_mis
всю весь pron:f:v_zna
всією весь pron:f:v_oru
все весь pron:n:v_naz/v_zna
всі весь pron:p:v_naz/v_zna
всіх весь pron:p:v_rod/v_zna/v_mis
всім весь pron:p:v_dav
всіма весь pron:p:v_oru

ввесь весь pron:m:v_naz/v_zna
увесь увесь pron:m:v_naz/v_zna
усе увесь pron:n:v_naz/v_zna
усього увесь pron
усьому увесь pron
уся увесь pron:f:v_naz
усієї увесь pron:f:v_rod/v_zna
усій увесь pron:f:v_dav
усією увесь pron:f:v_oru
усю увесь pron
усі увесь pron
усіх увесь pron
усім увесь pron
усіма увесь pron

таки таки part
тим-то тим-то conj
тому-то тому-то conj

абихто абихто pron
абикого абихто pron
абикому абихто pron
абиким абихто pron

абищо абищо pron
абичого абищо pron
абичому абищо pron
абичим абищо pron

абичий абичий pron
абичийого абичий pron
абичийому абичий pron
абичиїм абичий pron
абичия абичий pron
абичиєї абичий pron
абичиїй абичий pron
абичию абичий pron
абичиєю абичий pron
абичиї абичий pron
абичиїх абичий pron
абичиїми абичий pron

абиде абиде adv
абиколи абиколи adv
абикуди абикуди adv

аніхто аніхто pron
анікого аніхто pron
анікому аніхто pron
аніким аніхто pron

аніщо аніщо pron

аніде аніде adv
анізащо анізащо adv
аніколи аніколи adv
анікогісінько аніколи adv

небагато небагато adv
небагато небагато numr
небагатьох небагато numr
небагатьом небагато numr
небагатьма небагато numr

небагато-хто

будь-хто будь-хто pron
будь-кого будь-хто pron
будь-кому будь-хто pron
будь-ким будь-хто pron
будь-кім будь-хто pron

будь-що будь-що pron
будь-чого будь-що pron
будь-чому будь-що pron
будь-чим будь-що pron
будь-чім будь-що pron

будь-де будь-де adv
будь-як будь-як adv
будь-коли будь-коли adv
будь-куди будь-куди adv
будь-звідки будь-звідки adv

бозна-хто бозна-хто pron
бозна-кого бозна-хто pron
бозна-кому бозна-хто pron
бозна-ким бозна-хто pron
бозна-кім бозна-хто pron

бозна-що бозна-що pron
бозна-чого бозна-що pron
бозна-чому бозна-що pron
бозна-чим бозна-що pron

бозна-де adv
бозна-як adv
бозна-коли adv
бозна-куди adv
бозна-звідки adv

чортзна-що
чортзна-чого
чортзна-чому
чортзна-чим
чортзна-де adv
чортзна-як adv
чортзна-коли adv
чортзна-куди adv
чортзна-звідки adv

хтозна-що
хтозна-чого
хтозна-чому
хтозна-чим
хтозна-де adv
хтозна-як adv
хтозна-коли adv
хтозна-куди adv
хтозна-звідки adv

казна-що
казна-чого
казна-чому
казна-чим
казна-де adv
казна-як adv
казна-коли adv
казна-куди adv
казна-звідки adv

будь-чий будь-чий pron:m:v_naz
будь-чийого будь-чий pron:v_rod
будь-чийому будь-чий pron:v_dav
будь-чиєму будь-чий pron:v_dav
будь-чиїм будь-чий pron:v_oru
будь-чия будь-чий pron:v_naz
будь-чиєї будь-чий pron:f:v_rod
будь-чиїй будь-чий pron:f:v_dav/v_mis
будь-чию будь-чий pron:f:v_zna
будь-чиєю будь-чий pron:f:v_oru
будь-чиє будь-чий pron:n:v_naz
будь-чиї будь-чий pron:p:v_naz
будь-чиїх будь-чий pron:p:v_rod/v_zna/v_mis
будь-чиїми будь-чий pron:p:v_oru

бозна-чий
бозна-чийого
бозна-чийому
бозна-чиєму
бозна-чиїм
бозна-чия
бозна-чиєї
бозна-чиїй
бозна-чию
бозна-чиєю
бозна-чиє
бозна-чиї
бозна-чиїх
бозна-чиїми

чортзна-чий
чортзна-чийого
чортзна-чийому
чортзна-чиєму
чортзна-чиїм
чортзна-чия
чортзна-чиєї
чортзна-чиїй
чортзна-чию
чортзна-чиєю
чортзна-чиє
чортзна-чиї
чортзна-чиїх
чортзна-чиїми

чийсь чийсь pron
чийогось чийсь pron
чийомусь чийсь pron
чиємусь чийсь pron
чиїмсь чийсь pron
чиїмось чийсь pron
чиясь чийсь pron
чиюсь чийсь pron
чиїйсь чийсь pron
чиєюсь чийсь pron
чиєїсь чийсь pron
чиєсь чийсь pron
чиїсь чийсь pron
чиїхсь чийсь pron
чиїхось чийсь pron
чиїмись чийсь pron

хтось хтось pron
когось хтось pron
комусь хтось pron
кимось хтось pron
кимсь хтось pron

щось щось pron
чогось щось pron
чомусь щось pron
чимось щось pron
чимсь щось pron

якийсь
якогось
якомусь
якимсь
якимось
якась
якоїсь
якійсь
якусь
якоюсь
якесь
якісь
якихсь
якихось
якимись

котрийсь
котрогось
котрась
котромусь
котрійсь

який-небудь
якого-небудь
якому-небудь
яким-небудь
яка-небудь
якої-небудь
яку-небудь
якою-небудь
якій-небудь
яке-небудь
які-небудь
яких-небудь
якими-небудь
яким-небудь

чий-небудь
чийого-небудь
чиєму-небудь
чийому-небудь
чия-небудь
чиє-небудь

хто-небудь
кого-небудь
кому-небудь
ким-небудь

що-небудь
чого-небудь
чому-небудь
чим-небудь

той-таки
того-таки
тому-таки
тим-таки
тім-таки
та-таки
тієї-таки
тої-таки
тій-таки
тою-таки
тією-таки
те-таки
ті-таки
тих-таки

такий-то
такого-то
такому-то
таким-то
такім-то
така-то
такої-то
такій-то
такою-то
таке-то

ніхто
нікого
ніким
нікому

ніщо
нічого
нічому
нічим

дехто
декого
декому
деким

дещо
дечого
дечому
дечим

кудись кудись adv
звідкись звідкись adv

багатьох
багатьом
багатьма

декілька
декількох
декільком
декількома

кілька
кількох
кільком
кількома

скільки
скількох
скільком
скількома
стільки
стількох
стільком
стількома

скільки-небудь
скількох-небудь
скільком-небудь
скількома-небудь

бозна-скільки

чортзна-скільки

хтозна-скільки

один
одного
одному
одним
однім
одна
одної
однієї
одній
однією
одною
одну
одні
одними
одних
одне
одно

обоє
обох
обом
обома
обидва
обидвох
обидвом
обидвома
обидві


# Числівники
сто сто numr:v_naz
ста сто numr:v_rod
двоє двоє numr
двоє два noun:v_naz
два два noun:m:v_naz//n:v_naz
дві два noun:f:v_naz
двох два noun:v_rod/v_zna/v_mis
двом два noun:v_dav
двома два noun:v_oru
двісті двісті numr:v_naz
двохсот двісті numr:v_rod/v_zna
двомстам двісті numr:v_dav
двохстах двісті numr:v_mis
троє три numr:v_naz
три три numr:v_naz
трьом три numr:v_dav
трьох три numr:v_rod/v_zna/v_mis
трьома три numr:v_oru
триста триста numr:v_naz
трьохсот триста numr:v_rod/v_zna
трьомстам триста numr:v_dav
трьомастами триста numr:v_oru
трьохстах триста numr:v_mis
четверо
чотири numr:v_naz
чотирма
чотирьох
чотирьом
чотириста
чотирьохсот
чотирьомстам
чотирмастами
чотирьохстах
п'ятеро numr:v_naz
п'ятсот
п'ятисот
п'ятистам
п'ятьмастами
п'ятистах
шестеро numr:v_naz
шість numr:v_naz
шести
шістьом
шістьох
шістьма
шістсот
шестиста
шестистам
шестистах
шістьомастами
шістьмастами
сім
семи
сімох
сімом
сьома
сімома
семеро
сімсот
семиста
семистам
семистах
сьомастами
сімомастами
вісім
восьми
вісьмох
вісьмом
вісьма
вісьмома
восьмеро
вісімсот
восьмисот
восьмистам
восьмистах
восьмистами
дев'ятеро
дев'яносто
дев'яноста
дев'ятсот
дев'ятисот
дев'ятиста
дев'ятистам
дев'ятистах
п'ятнадцятеро
двадцятеро
дванадцятеро

# Прислівники
вдвічі adv
втричі adv
вдвоє adv
втроє adv
вчетверо adv
вп'ятеро adv
вшестеро adv
всемеро adv
ввосьмеро adv
вдев'ятеро adv
вдесятеро adv
удвічі adv
утричі adv
удвоє adv
утроє adv
учетверо adv
уп'ятеро adv
ушестеро adv
усемеро adv
увосьмеро adv
удев'ятеро adv
удесятеро adv
вдвох adv
втрьох adv
вчотирьох adv
вп'ятьох adv
вшістьох adv
всімох adv
ввісьмох adv
вдев'ятьох adv
вдесятьох adv
удвох adv
утрьох adv
учотирьох adv
уп'ятьох adv
ушістьох adv
усімох adv
увісьмох adv
удев'ятьох adv
удесятьох adv

вдруге вдруге adv
втретє втретє adv
вчетверте вчетверте adv
вп'яте вп'яте adv
вшосте вшосте adv
всьоме всьоме adv
ввосьме ввосьме adv
вдев'яте вдев'яте adv
удруге удруге adv
утретє утретє adv
учетверте учетверте adv
уп'яте уп'яте adv
ушосте ушосте adv
усьоме усьоме adv
увосьме увосьме adv
удев'яте удев'яте adv

два-три
дві-три
двома-трьома
двох-трьох
три-чотири

один-два
один-єдиний
одна-єдина
одне-єдине
отут
отам

сяк сяк adv
з-перед з-перед pryim:rv_rod
