абелів/UZ
абіогенез/e
абісаль/ij
аблатив/eg
абляційний/VZ
абляція/ab
абразія/a
абрикотин/ef
австралопітек/efg
автогенератор/efg
автогідроліз/ef
автоелектронний/V
автокаталіз/ef
автоколивальний/V
автоколивання/ij
автоколімація/ab
автокореляційний/V
автоморфізм/ef
автоморфність/l
авторотація/ab
автосинхронізація/a
агломерація/ab
аглютинін/ef
агрегований/V
агробіоценоз/e
агрометеоролог/efg
адгезія/ab
адгезований/V
адитивний/VZ
адитивність/lZ
адіабата/ab
адіабатичний/VZ
адіабатичність/lZ
адіабатний/VZ
адіабатність/lZ
адронний/V
адсорбент/efg
адсорбований/V
адсорбувати/AB
адсорбційний/V
адсорбція/a
аероцентричний/V
азеотропний/VZ
азид/ef
азотувати/AB
акідогальванокаустика/a
акридин/ef
акрихін/ef
акролеїн/ef
аксіальний/V
аксіоматизація/a
аксіоматизовний/V
аксіоматизовність/l
аксіоматизувати/AB
аксолотль/efg
актинічний/VZ
акумульовний/VZ
аланін/ef
альголог/efg
альдегід/ef
аліловий/V
аліфатичний/V
алкільний/V
алкіл/ef
алкоголят/ef
алозавр/efg
аломорфний/V
аломорф/ef
алонж/ef
алотропічний/V
алотропія/ab
альтитуда/ab
алунд/ef
алуніт/ef
альфасульфокислота/ab
алюмінат/ef
амальгамація/ab
амальгамування/ij
амбівалентний/V
амбіполярний/V
амебний/V
амігдалін/e
амідодигалогенофосфат/ef
амідопірин/ef
амідофосфат/ef
амідоціанфосфат/ef
амід/ef
амілаза/ab
амілацетат/ef
амілнітрит/ef
аміловий/V
амілоза/ab
амілоїд/ef
амілопектин/ef
амінонафтолсульфокислота/ab
амінопласт/ef
аміноспирт/ef
амонал/ef
амонієвий/V
амонізований/V
амоноліз/ef
амперометричний/V
анальгетик/efg
ангармонізм/ef
ангстрем/efg
анемометр/efg
анігілюватися/B
анігілюючий/V
анігілятор/efg
анігіляційний/V
анігіляція/ab
анізол/ef
анізотропія/a
анізотропний/V
анілін/ef
аніоніт/ef
аніонообміний/V
анкілозавр/efg
анодний/V
анод/efg
антабус/ef
антекліза/a
антивібратор/efg
антигравітація/ab
антиелектрон/efg
антикатодний/V
антикварк/efg
антиклінальний/V
антикліналь/ij
антиконвульсант/ef
антилогарифм/efg
антиматерія/ab
антимезон/efg
антимонід/ef
антинейтрино
антинейтронний/V
антинейтрон/efg
антипаралельний/V
антипротон/efg
антисегнетоелектрик/efg
антисиметричний/V
антиферомагнетик/efg
антиферомагнітний/V
антифотон/efg
античастинка/ab
антраценовий/V
аперіодичний/V
апікальний/V
апостеріорний/V
апофема/ab
апоцентр/e
аргінін/ef
аретований/VZ
аретовний/VZ
аристотелів/UZ
арккосеканс/efg
арккосинус/efg
арккотангенс/efg
арксеканс/efg
арксинус/efg
арктангенс/efg
аркфункція/ab
арсенат/ef
арсенід/ef
арсеніт/ef
арсеновий/VZ
арсин/ef
артроз/ef
архімедів/VZ
асимптота/ab
асимптотика/a
асимптотичний/VW
астатизм/ef
астатичний/V
астероїдний/V
астродослідження/ij
астрометричний/V
атенюатор/efg
атомізатор/efg
атомізація/ab
ауксин/ef
аукціонер/efg
афінаж/e
афінний/V
ацетил/ef
багатоатомний/V
багатобічник/efg
багатовалентний/V
багатовершинний/V
багатодомний/V
багатоелектронний/V
багатопротонний/V
багатосторонник/efg
багатофотонний/V
багатофотонність/l
багаточлен/efg
багатоядерний/V
бакеліт/ef
барботер/ef
барботування/ij
баретер/efg
барит/ef
баріонний/V
баріон/ef
батохромний/V
бездислокаційний/V
бездомішковий/V
безквітковий/V
безчерепні/j
белемніти/b
бенетити/b
бензидиндисульфокислота/ab
бензоїновий/V
бензольний/V
бензоловий/V
бензолсульфокислота/ab
бензол/ef
бензосульфокислота/ab
бер/efg
бетаїн/ef
бета-розпад/ef
бета/a
бетоніт/ef
бівалентний/V
бівалентність/l
бівалент/efg
бівектор/efg
бієкція/a
бікарбід/ef
бікарбонат/ef
біквадратний/V
бікомпактний/V
білінійний/V
бімодальний/V
біноміальний/V
біномінальний/V
біномний/V
бінормальний/V
бінормаль/ij
біогеоценоз/ef
біогерм/e
біодинамічний/V
біоліт/ef
біолюмінесценція/a
біомедицина/a
біоміцин/ef
біоорганічний/V
біопотенціал/e
біотехніка/a
біотит/ef
біотоп/ef
біотуалет/efg
біоформа/ab
біоценоз/ef
біполярон/efg
бісекторний/V
бісектор/efg
бісульфат/ef
бісульфітування/i
біфуркація/ab
біхромат/ef
блефарит/ef
близькодіяння/i
близькодія/a
близькочин/e
блохів/V
Бозе
бозе-газ/e
бозе-рідина/a
бозе-частинка/ab
бозонний/V
бозон/efg
бока/a
болометричний/V
болометр/efg
больцманівський/V
борат/ef
борид/ef
борів
борівський/V
борорганічний/V
Браве
брахістохрона/ab
бридер/efg
бромід/ef
бромовий/V
броунівський/V
булевий/V
бутадієновий/V
бутадієн/ef
бутадіон/ef
бутан/ef
бутилен/ef
бутилкаучук/ef
бутиловий/V
бюретка/ab
вакансійний/V
вакуумметр/efg
вакуумований/V
валентний/V
валентність/lm
вандермондівський/V
вандермондів/V
варикап/efg
вариконд/efg
варистор/efg
варіабельний/V
варіаційний/V
варіометр/efg
варметр/efg
веберметр/efg
вебер/efg
векторизація/a
векторизувати/AB
векторметр/efg
векторний/VW
вектор/efg
вертикал/ef
взаємоіндукція/ab
висалювання/ij
високоомний/V
високосиметричний/V
вініпласт/ef
віскозиметрія/ab
віскозиметр/efg
вкладеність/lm
внутрішньоатомний/V
внутрішньомолекулярний/V
водневогелієвий/V
водоструменевий/V
вплавляння/ij
всегалактичний/V
втоплювання/ij
габітус/ef
гадронний/V
газодинаміка/ab
газодинамічний/V
газойль/e
газотранспортний/V
газофазний/V
газофазовий/V
галактоза/ab
гальванізований/V
гальваномагнітний/V
гальванометр/efg
гальванопластичний/V
гальваностегія/ab
галогенід/ef
галогенування/ij
галоїдування/ij
галоїд/ef
галюциноген/efg
гамільтоніан/efg
Гамільтон/eg
гармонізований/VW
гаусовий/V
гаус/efg
гваякол/ef
гексагональний/V
гексаедр/efg
гексан/ef
гелеутворення/ij
геліограф/efg
геліоцентричний/V
генеративний/V
геном/efg
генотипний/V
геодинамічний/V
геоїд/efg
геоморфологічний/V
геосинкліналь/ij
геотектонічний/V
геотехнічний/V
гептан/ef
гетероатом/efg
гетероауксин/ef
гетерогенний/V
гетерогенність/lm
гетеродинний/V
гетероперехід/ab
гетерополярний/V
гетерополярність/lm
гетероструктура/ab
гетероциклічний/V
гетероцикл/efg
гетер/efg
гібернація/ab
гігроміцин/ef
гідразин/ef
гідратація/ab
гідратцелюлоза/ab
гідрат/ef
гідрид/ef
гідробіолог/efg
гідрований/V
гідрогенізація/ab
гідрогеолог/efg
гідрокарбонат/ef
гідроксид/ef
гідроксильний/V
гідролізівний/V
гідролізований/V
гідролізувальний/V
гідроліз/ef
гідролітичний/V
гідролог/efg
гідрометеоролог/efg
гідроокис/ef
гідроперекис/ef
гідросилікат/ef
гідростатичний/V
гідросульфат/ef
гідросульфід/ef
гідросульфіт/ef
гідротаксис/ef
гідротермальний/V
гідрофільний/V
гідрофобний/V
гідрофобність/lm
гідрохімія/a
гільберт/efg
гінеколог/efg
гіпервентиляція/a
гіпергеометричний/V
гіперзвуковий/V
гіперзвук/e
гіперон/ef
гіперплощина/ab
гіперповерхня/ab
гіперполяризація/a
гіпоглікемія/a
гіпоциклоїда/a
гіромагнітний/V
гіроскопічний/V
гістерезисний/V
гістерезис/ef
гістограма/ab
гістолог/efg
глікокол/ef
гліколь/ef
гліфталевий/V
гліцин/ef
гляціолог/efg
голографічний/V
голографія/a
голоморфний/V
гомеоморфізм/ef
гомеополярний/V
гомологічний/V
гомологія/a
гомолог/efg
гомоморфізм/ef
гомотетія/ab
гонада/ab
гоніометр/efg
гравіметричний/V
гравіметрія/ab
градуйований/V
гранецентрований/V
гранулометричний/V
гранулятор/efg
графолог/efg
групоїд/efg
гуанін/ef
ґільбертовий/V
ґрунтотворний/V
дагеротипний/V
дагеротип/e
двійкування/i
двійникування/ij
двошвидкісний/V
дебаєграма/ab
девіація/a
дегазатор/efg
дегазований/V
дегідратація/ab
дейтрон/efg
декартів
декартовий/V
декатрон/efg
декомпресор/efg
декстроза/ab
делокалізований/V
демаскування/ij
демодулятор/efg
дендритний/V
дендрит/efg
денситометр/efg
деполяризатор/efg
дериваційний/V
десенсибілізувати/A
детектувальний/V
детермінантний/V
детермінант/efg
дефектологічний/V
дефлегматор/efg
дефлектор/efg
дефоліант/ef
деформаційний/V
децибел/efg
джозефсонів
джозефсоновський/V
джоуль/efg
дибутилфталат/efg
дивініл/ef
дигіталіс/ef
дидактизм/ef
дилатація/ab
дилатометрія/ab
дилатометр/efg
динас/ef
дина/ab
динітробензол/ef
диплодок/efg
дисипативний/V
дисипація/ab
дискримінант/efg
дискримінатор/efg
дисперсійний/V
дисперсний/V
дисперсність/lm
диспропорціювання/ij
дистилят/efg
дисторсія/ab
дисульфан/ef
дисульфід/ef
дифеніламін/ef
дифеніловий/V
диференціювання/ij
диференціювати/AB
дифосген/ef
дифрактометр/efg
дифракційний/V
дифузний/VW
дихроїзм/ef
дихроматизм/ef
діабаз/ef
діагенез/ef
діазосполука/ab
діалізат/ef
діамагнетизм/ef
діамагнетик/efg
діамагнітний/V
діамін/ef
діастаз/ef
діафан/ef
дієновий/V
діерез/ef
діодний/V
діоксид/ef
діонін/ef
діорит/ef
Дірак/efg
діуретин/ef
ДНК
добровільно-вибірковий/V
додекаедр/efg
доменний/V
доплеровський/V
допплерів
дрібнокристалічний/V
ебуліоскопія/ab
евклідів
евольвента/ab
еволюта/ab
ежекторний/V
ежектор/efg
езотеричний/V
ейконал/ef
Ейрі
еквіпотенціальний/V
екзогенний/V
екзотермічний/V
екоагресивність/l
еколого-захисний/V
ексикатор/efg
екситонний/V
екситон/ef
експонента/ab
експонентний/V
експоненціальний/VW
екстинкція/a
екстрагент/efg
екстрагування/ij
екстракційний/V
екстраполювати/AB
екстремаль/ij
екстремум/ef
електризація/ab
електроактивний/V
електровакуумний/V
електровідємний/V
електровідновлення/ij
електродинаміка/ab
електродинамічний/V
електрокапілярний/V
електрокінетичний/V
електролізер/efg
електроліз/ef
електролюмінесцентний/V
електролюмінесценція/a
електромагніт/efg
електрометричний/V
електрометр/efg
електронегативний/V
електронейтральний/V
електронейтральність/l
електронограма/ab
електронографічний/V
електронографія/a
електрооптика/a
електрооптичний/V
електроскоп/efg
електростатика/a
електрострикційний/V
електрострикція/ab
електротермічний/V
електрофільний/V
електрофільтр/efg
елементний/V
елементоорганічний/V
еліпсоїдний/V
еліпсоїд/efg
еліптичність/lm
елонгація/a
елюент/ef
елюювання/ij
емісійний/V
емітерний/V
емітер/efg
емітований/V
емітувати/AB
емульгатор/efg
енантіоморфізм/ef
енантіотропний/V
ендогенний/V
ендокринологічний/V
ендоскопічний/V
ендотермічний/V
ентальпія/a
еозин/ef
епігенетичний/V
епідермальний/V
епідермічний/V
епізоотичний/V
епітаксійний/V
епітаксія/a
епюра/ab
ерг
ергодичний/V
ергодичність/lm
ерстед/ef
естроген/efg
етилацетат/ef
етиленгліколь/ef
етиленовий/V
етилен/ef
етилований/V
ефузія/ab
заземляти/I
закис/ef
зарин/ef
зародкоутворення/ij
зародкоутворювання/ij
збіжність/lm
золь
зоопсихологія/a
зріджувач/efg
зріждування/ij
ігнітрон/efg
ідіоматизм/ef
ідіоморфізм/ef
ізатин/ef
ізафет/ef
ізобара/ab
ізобаричний/V
ізобарний/V
ізобутан/ef
ізобутилен/ef
ізоелектронний/V
ізоклінальний/V
ізокліналь/ij
ізомеризація/ab
ізомерія/ab
ізомерний/V
ізомер/ef
ізометричний/V
ізометрія/ab
ізоморфізм/ef
ізоморфний/V
ізопериметричний/V
ізопрен/ef
ізопропіловий/V
ізоспін/ef
ізостатичний/V
ізотермічний/V
ізотонічний/V
ізотонний/V
ізотопічний/V
ізотропія/a
ізотропність/lm
ізохорний/V
ізохрона/a
ізохронізм/ef
ізохронний/V
іконоскоп/efg
ікосаедр/efg
ілліризм/ef
ільменіт/ef
іменниковий/V
імерсійний/V
іммобілізований/V
імпеданс/ef
імплантований/V
імунобіологічний/V
імунобіологія/a
інваріантність/lm
інверсія/ab
індексатор/efg
індикатриса/ab
індол/ef
індуктивний/V
індуктивність/lm
інжекційний/V
інконгруентний/V
іннервація/a
інтеркаляція/a
інтерметалід/ef
інтерметаловий/V
інтерпольований/V
інтерполювання/ij
інтерполятор/efg
інтерференційний/V
інтерференція/ab
інтерферометр/efg
інтерферувати/AB
інтроскопія/a
інфінітезимальний/V
інфрадельтахвильовий/V
інфразвуковий/V
інфразвук/efo
іонізаційний/V
іонізуючий/V
іоніт/efg
іонність/l
іонообмінний/V
іррегулярний/V
йодид/ef
калібратор/efg
каліфорній/e
калориметричний/V
калориметрія/a
калориметр/efg
кальцинація/ab
каналування/ij
каон/efg
капа/a
карбоксильний/V
карбонатний/V
карбонільний/V
карбоніл/ef
карбоновий/V
кардіоїда/ab
кардіоревматологічний/V
кардіохірургія/a
каротиноїд/ef
каталіз/ef
катеноїд/efg
катетометр/efg
катіоніт/efg
катодний/V
катодолюмінесценція/ab
катод/efg
каустика/ab
кахля/ab
квадрупольний/V
квадруполь/e
квазар/efg
квазіімпульс/ef
квазікласичний/V
квазікристал/efg
квазіпружний/V
квазіхвильовий/V
квазічастинка/ab
квазічастка/ab
квалітативний/V
квантиль/efg
квантований/V
квантовий/V
квантор/efg
квантування/ij
кварк/efg
кватерніон/efg
кенотрон/efg
керовний/V
керовність/l
кетон/efg
кислотоутворювальний/V
кіловольт/efg
кілокалорія/ab
кілотонна/ab
кінематика/a
кластеризація/a
клістрон/efg
клонувати/AB
коагулівний/V
коагулятор/efg
коагуляція/ab
коаксіальний/V
коалесценція/ab
ковалентний/V
коваріантний/V
коваріантність/lm
когезія/ab
когерентність/lm
когнітивний/V
коерцитивний/V
колімація/ab
колінеарний/V
колоїдний/V
колоїд/ef
комбінаторика/ab
комбінаторний/V
компакт/efg
компаратор/efg
компенсатор/efg
компланарний/V
комплексоутворення/i
комплексоутворювання/i
комутант/efg
комутативний/V
комутативність/lm
конвективний/V
конвергентний/V
конгруентність/lm
кондуктометрія/ab
коноїд/efg
контактор/efg
континуальний/V
континуум/ef
контраваріантний/V
конфігураційний/V
конфокальний/V
конформаційний/V
конформація/a
конформний/V
кополімер/efg
корельованість/l
корелометр/efg
корелятор/efg
корпускула/ab
корпускулярний/V
косеканс/efg
косинусоїда/ab
косинус/efg
космолог/efg
котангенс/efg
крезол/ef
крекінг/ef
кремнійорганічний/V
крипторхізм/e
кристалічність/lm
кристалогідрат/efg
кристалооптика/ab
кристалоутворення/ij
кристалофізика/ab
кріобіологія/a
кріогеніка/a
кріоелектроніка/a
кріологія/a
кріомедицина/a
кріоскопічний/V
кріоскопія/ab
кріостат/efg
кріотерапія/a
кріофізик/efg
кріохімія/a
кріохірургія/a
кроманьйонський/V
ксилол/ef
кулонівський/V
кумуляція/ab
кутозберігальний/V
кюрі
лагранжів/V
лакмус/ef
лантаноїд/ef
лапласиан/ef
легувати/AB
лексиколог/efg
лемніската/ab
лептонний/V
лептон/ef
лізин/ef
лізоцим/ef
ліквація/ab
лінеаризація/ab
лінеаризований/V
ліпаза/ab
ліпідний/V
лісівничо-технічний/V
літійорганічний/V
логарифмування/ij
логарифмувати/AB
логон/ef
локомоторний/V
локус/e
Ломоносов/efg
лоренців/V
лунохід/abc
люїзит/ef
люцифераза/ab
люциферин/ef
магнетик/efg
магнетон/efg
магнетронний/V
магнетрон/efg
магнійорганічний/V
магнітогідродинаміка/ab
магнітогідродинамічний/V
магнітограф/efg
магнітоелектричний/V
магнітокалоричний/V
магнітолог/efg
магнітометрія/a
магнітометр/efg
магнітооптика/ab
магнітопровід/ab
магнітопружний/V
магнітостатика/ab
магнітострикційний/V
магнітострикція/ab
магнітотепловий/V
магнітуда/ab
магнон/ef
мажоранта/ab
мажорантний/V
мазер/efg
макрооб'єкт/efg
макрорівень/abc
макрошліф/efg
максвел/efg
максимізація/a
малеїновий/V
малокутовий/V
мальтоза/ab
манганіновий/V
манганін/ef
марківський/V
марковський/V
мартенситний/V
масообмін/ef
масштабований/VWZ
масштабованість/l
масштабовний/V
меандр/efg
мезомасштабний/V
мезонний/V
мезон/efg
мезоскопіка/ab
Менделєєв/efg
меркаптан/efg
мессбауерівський/V
метаболіт/efg
метагалактика/ab
метагалактичний/V
метакрилат/ef
метакриловий/V
металографічний/V
металоїд/ef
металооптика/ab
металорганічний/V
металотермія/ab
металофізика/ab
метаматематика/a
метанол/ef
метафізик/efg
метеоролог/efg
метеосупутник/efg
метеоцентр/ef
метилен/ef
метилоранж/ef
метролог/efg
міжатомний/V
міжвузловина/ab
міждолинний/V
міжклітинний/V
міжметаловий/V
міжмолекулярний/V
міжплощинний/V
міздряний/V
мікробіолог/efg
мікров'язкість/l
мікроін'єкція/ab
мікрокрапля/ab
мікрокристалічний/V
мікронапруга/a
мікронний/V
мікропора/ab
мікрорел'єф/ef
мікрорівень/abc
мікротрубка/ab
мікрохвиля/ab
мікрошліф/efg
міліамперметр/efg
мінералог/efg
мінімакс/ef
мітохондрія/ab
міфолог/efg
міцела/ab
міцелярний/V
многокутний/V
многокутник/efg
многочлен/efg
модулювання/ij
модулювати/ABGH
модулярний/V
мольний/V
молярність/l
моль/efg
моногенний/V
монодромія/a
монодромний/V
моноімпульсний/V
моноклінний/V
мономер/efg
мономолекулярний/V
мономорфний/V
монополь/efg
моносахарид/ef
монохроматичний/V
монохроматор/efg
моношар/ef
морфолог/efg
мультимножина/ab
мультипольний/V
мутагенез/ef
мутаційний/V
мюоній/ef
мюон/efg
набла/a
надпровідник/efg
надпровідність/lm
надструктура/ab
надтекучий/V
надтекучість/lm
наносекунда/ab
наноструктура/ab
напівгрупа/ab
напівметал/ef
натр/ef
нафтеновий/V
нафтоловий/V
нафтол/ef
неамбівалентний/V
нейронний/V
нейстон/ef
нейтронографічний/V
нейтронографія/ab
нематода/ab
нескінченномірний/V
нефелометрія/a
низькокиплячий/V
низькокипучий/V
низькомолекулярний/V
низькоомний/V
ніобат/ef
нітрил/ef
нітрівний/V
нітробензол/ef
нітрогліцериновий/V
нітрогрупа/ab
нітросполука/ab
нітрувальний/V
нітрувати/AB
ноніус/ef
нормаль/i
нуклеозид/ef
нуклеотид/ef
нуклеофільний/V
нуклід/efg
нульвимірний/V
нульмірний/V
нутаційний/V
нутація/ab
ньютонівський/V
ньютон/efg
оболонковий/V
обтюратор/efg
одноатомний/V
одновалентний/V
одновалентність/l
одновісний/V
одноелектронний/V
однозаміщений/V
одномірність/lm
одномодовий/V
одноосновний/V
одночлен/efg
озонометричний/V
озонування/ij
оклюзія/ab
оксалат/ef
оксикислота/ab
октаедр/efg
октан/e
олеїновий/V
олеум/ef
олефін/ef
олігомерний/V
олігоцен/e
ом/efg
ондулятор/ef
опалесценція/a
оперон/efg
оптоелектроніка/a
оптоелектронний/V
орбіталь/ij
ординальний/V
ортогональний/V
ортогональність/lm
ортонормований/V
орторомбічний/V
орт/efg
осмос/ef
осмотичний/V
осцилограма/ab
осцилятор/efg
осциляція/ab
палеоантропологія/a
палеоботаніка/a
пальмітиновий/V
параелектричний/V
парамагнетизм/ef
парамагнетик/efg
парамагнітний/V
парсек/efg
пасивація/a
паскаль/efg
Паулі
п'єзоелектрика/a
п'єзоелектрик/efg
п'єзоелектричний/V
п'єзоефект/ef
п'єзокварц/ef
пенталгін/ef
пентан/ef
пепетид/ef
пепсин/ef
пептидний/V
пептизація/ab
перекис/ef
перекристалізація/ab
перекристалізувати/AB
перемагнічування/ij
перенасичений/V
перенормування/ij
перигей/ef
перигелій/ef
перитектика/ab
перитектичний/V
перицентр/eg
перколяція/ab
перманганат/ef
персульфат/ef
перхлорат/ef
перцептрон/efg
петролійній/ef
печіночний/V
печіночник/eg
пі
півінтервал/ef
півкубічний/V
північнопонтійський/V
півплощина/ab
півпростір/ab
півсума/ab
півсферичний/V
півширина/ab
підкислений/V
підмножина/ab
підпослідовність/lm
підпростір/ab
підсвітка/a
пікнометр/efg
піонний/V
піперидин/ef
піридиновий/V
піридин/ef
піримідиновий/V
пірогалол/ef
піроелектрика/a
піроелектричний/V
піроліз/ef
піролітичний/V
пірол/ef
пірометалургія/a
пірометрія/a
пірометр/efg
піротин/ef
післятрипільський/V
піфагорів/V
плазмон/ef
плазмотрон/efg
плазмохімічний/V
планарний/V
плейстоцен/e
пліоцен/e
плунжер/efg
позитроній/ef
полівінілкарбазол/ef
полівініловий/V
поліедр/efg
поліетилен/ef
полікарбонат/ef
поліконденсація/ab
полікристалічний/V
полікристал/efg
полімеризація/a
поліметалічний/V
поліморфізм/ef
Полінг/efg
поліном/efg
поліпропіленовий/V
поліпропілен/ef
полісахарид/ef
полісинтез/e
полістирол/ef
поліхроматичний/V
поляризатор/efg
поляризаційний/V
поляризований/V
поляризованість/lm
поляриметр/efg
поляронний/V
полярон/ef
пондеромоторний/V
порфірородний/V
потенціометричний/V
поточковий/V
препаративний/V
препринт/efg
прецесійний/V
прецесія/ab
преципітат/ef
преципітація/ab
прикметниковий/V
проградуйований/V
прогресія/ab
продуцент/efg
проінтегрувати/AB
прологарифмувати/AB
пропанол/ef
протактиній/ef
протеїновий/V
протеїн/ef
протизащемлення/i
протитиск/ef
протонний/V
протон/efg
протопласт/ef
протуберанець/abc
профілометр/efg
прямозонний/V
псевдовектор/efg
псевдоморфізм/ef
псевдоскалярний/V
Пуассон/efg
пульсар/efg
пуриновий/V
радіан/efg
радіоастрономічний/V
радіоастрономія/a
радіовуглецевий/V
радіогалактика/ab
радіографічний/V
радіографія/a
радіоізотопний/V
радіоізотоп/ef
радіоімпульс/ef
радіолог/efg
радіолюмінесценція/a
радіометричний/V
радіоспектрометр/efg
радіоспектроскопія/a
радіофізичний/V
раманів
раманівський/V
Ранкін/eg
рацемат/ef
рацемізація/ab
рацемічний/V
реактанс/ef
реаніматолог/efg
реверсія/ab
ревертаза/ab
ревматолог/efg
регуляризація/a
Резерфорд/efg
резистивний/V
резольвента/ab
резонаторний/V
резонатор/efg
резорциновий/V
резорцин/ef
результант/efg
рекомбінувати/AB
рекристалізація/ab
ректифікаційний/V
рекурентний/V
релаксатор/efg
рентгенограма/ab
рентгенографія/a
рентгеноспектральний/V
рентгеноструктурний/V
реплікація/ab
рефрактометричний/V
рефрактометрія/a
рефрактометр/efg
рефрактор/efg
рефракція/ab
рецепторний/V
рецептор/efg
рибосома/ab
риформінг/ef
ріманів/V
родамін/ef
роданід/ef
розгрупувати/AB
ромбічний/V
ромбододекаедр/efg
ромбоедричний/V
ромбоедр/efg
ромбоїд/efg
ротаметр/efg
сагітальний/V
самодифузія/a
самоорганізація/a
самописець/abc
самосинхронізація/a
самофокусування/ij
сапропель/e
сателіт/efg
світлодіодний/V
світлодіод/efg
сегнетоеластик/ef
сегнетоеластичний/V
сегнетоелектрика/a
сегнетоелектрик/efg
сегнетоелектричний/V
сегнетокераміка/a
седиментаційний/V
седиментація/a
сейсмолог/efg
сейсмотектоніка/a
секанс/efg
сексолог/efg
секстант/efg
селенід/ef
селеноводень/ab
семантичний/V
семіотика/a
сенсибілізатор/efg
сенсибілізація/a
сенсибілізований/V
сепарабельний/V
сечовина/ab
силікагель/ef
силікат/ef
силіцид/ef
симетризація/a
симплекс/efg
сингонія/ab
сингулярний/VZ
сингулярність/lm
синергетика/a
синергетичний/V
синклінальний/V
синкліналь/ij
синолог/efg
синусоїда/ab
синусоїдний/V
синус/efg
синфазний/V
синхротрон/efg
синхрофазотрон/efg
сірководень/ab
сірковуглець/ef
скалярний/VZ
скаляр/efg
склування/i
скрубер/efg
сольватація/ab
соленоїд/efg
солідус/efg
солітон/efg
сорбент/ef
сорбувати/AB
сорбція/a
сортиментний/V
соціолог/efg
спектрогеліограф/efg
спектрограма/ab
спектрограф/efg
спектрометричний/V
спектроскопічний/V
спектроскопія/a
спектроскоп/efg
спектрофотометричний/V
спектрофотометрія/a
спектрофотометр/efg
спин/ef
співполімер/efg
спінорний/V
спінор/efg
стабіловольт/efg
стерадіан/efg
стереографічний/V
стереоізомер/efg
стереохімічний/V
стереохімія/a
стероїд/ef
стратифікація/a
стратосфера/ab
стратосферний/V
стробоскопічний/V
структурувати/AB
субгармонічний/V
субліматор/efg
субмікронний/V
субмікроскопічний/V
субміліметровий/V
сульфатний/V
сульфіт/ef
сульфокислота/ab
супергетеродин/efg
суперквадрат/efg
суперпозиційний/V
суперсиметричний/V
суспензійний/V
сфероїдний/V
схемотехнічний/V
сцинтилятор/efg
сцинтиляційний/V
табульований/V
тангенсний/V
тангенсоїда/ab
тангенс/efg
тангенціальний/V
танталат/ef
таутомерія/a
тахометр/efg
твел/efg
твердофазний/V
Т-ДНК
текстолог/efg
телурид/ef
телуровий/V
тензометричний/V
тензорний/V
тензор/efg
теоретико
теплообмін/ef
теплопередача/ab
тератогенний/V
термодинаміка/a
термодинамічний/V
термоелектрика/a
термоелектричний/V
термоелектронний/V
термоерс/ef
термомагнітний/V
термомеханічний/V
термопластичний/V
термопружний/V
терморезистор/efg
терморецептор/efg
термостабільний/V
термостатування/i
терм/ef
терпеновий/V
тестовий/V
тетрагональний/V
тетрада/ab
тетрадний/V
тетраедричний/V
тетраедр/efg
тетраетилсвинець/a
тефлон/ef
тиратрон/efg
тирозин/ef
тироксин/ef
титанат/ef
титанід/ef
титано-магнієвий/V
титрування/ij
титрувати/AB
тіокол/ef
токамак/efg
токсикодермія/a
толуоловий/V
толуол/ef
томограма/a
топоскоп/efg
торій/e
торічелієвий/V
тороїдний/V
тор/ef
трансгенний/V
трансмутація/ab
транспозиція/ab
транспонований/V
транспонування/ij
транспонувати/AB
трансурановий/V
трансфокація/a
трансформаційний/V
триангуляційний/V
триангуляція/a
триацетатний/V
триацетат/ef
трибоелектрика/ab
тривалентний/V
тригерний/V
тригер/efg
тригональний/V
тригонометричний/V
тримірність/lm
тринітротолуол/ef
триокис/ef
триплетний/V
триплет/efg
триптофан/ef
тритій/ef
тричлен/efg
тріас/e
тропопауза/ab
тропосфера/a
тунелювальний/V
тунелювання/ij
тунелювати/ABGH
турбулентний/V
тюрколог/efg
ультрамікроскопічний/V
ультрафільтрація/a
ультрахолодний/V
ультрацентрифуга/ab
умовно-натуральний/V
унарний/V
унівалентний/V
унікурсальний/V
унімодулярний/V
унітарний/V
уролог/efg
фазометр/ef
фазотрон/efg
факторизація/a
фанерозой/e
фарада/ab
фаренгейт/eg
фармаколог/efg
фенілаланін/ef
фенілкетонурія/a
феноловий/V
фенолфталеїн/ef
фенол/ef
феримагнетик/efg
ферментативний/V
Фермі
ферміон/ef
феромагнетизм/ef
феромагнетик/efg
феромагнітний/V
феромарганець/abc
феромон/ef
феросилікомарганець/a
фігуративний/V
фізіолог/efg
філолог/efg
фільтрат/ef
фланець/abc
флокуляція/a
флотація/a
флюоресценція/a
флюоросилікат/ef
фононний/V
фонон/ef
форвакуумний/V
формувач/efg
формфактор/efg
фосгеновий/V
фосфатний/V
фосфід/ef
фосфорорганічний/V
фотогеліограф/efg
фотодіод/efg
фотоелектронний/V
фотоелектрон/efg
фотоерс/efg
фотоефект/efg
фотоіонізація/a
фотолітографічний/V
фотолітографія/a
фотолюмінесценція/a
фотометричний/V
фотометр/efg
фотоперіодизм/e
фотоприймач/efg
фотопровідність/lm
фоторезистор/efg
фотосфера/ab
фрактальний/V
фрактал/efg
францій/efg
френолог/efg
фрустрація/a
фталоціанін/ef
фторид/ef
фторосилікат/ef
фуксин/ef
фулерен/ef
функціонал/efg
фуран/ef
Фур'є
халькогенідний/V
халькогенід/ef
халькоген/ef
хвилевід/ab
хвилемір/efg
хемілюмінесценція/a
хемосорбція/a
хімізм/e
хіральний/V
хіральність/lm
хлорат/ef
хлорид/ef
хлороводень/ab
хлоропласт/ef
хлорорганічний/V
хоана/ab
хроматичний/V
хроматографія/a
хромат/ef
Цельсій/eg
цементація/a
циклобутан/ef
циклогексан/ef
циклоїда/ab
циклотронний/V
циклотрон/efg
цитохром/ef
цитрат/ef
ціанід/ef
цукромісткий/V
частотомір/efg
чвертьхвильовий/V
чотиривалентний/V
шліф/efg
шліц/efg
шпур/ef
шунт/efg
якобіан/efg
ЯМР
