акцелератор/e
амвросія/a
безвихіддя/i
безсонниця/a
борд/e
брелок/efg
вирулити/A
вирулювати/A
вищеперелічений/V
вмиротворення/i
воцерковлення/i
гейм/ef
гемблінг/e
дайв/e
данс/e
деза/a
дипвідносини/o
духовик/efg
закачувати/ABGH
заначка/ab
здорожчання/i
імперець/abc
інспекторат/e
кенінг/efg
накачувати/ABGH
обігрувати/ABGH
обмінник/efg
пахати/I
підробіток/ab
поквап/e
політрук/efg
понятійний/V
потусуватися/B
рекрутинговий/V
розборка/ab
розкриваність/l
свободовець/lm<
скачування/i
стагнувати/A
тусуватися/B
фостерний/V
чат/ef
